================================================================================
R STATISTICAL ANALYSIS SESSION LOG
Session started: 2025-06-09 13:32:03.84798
R Version: R version 4.4.3 (2025-02-28 ucrt)
Working directory: C:/Users/konrad_guest/Documents/RProject/sad-projekt
Command line args: --input dane2.csv --export
Log level: INFO
================================================================================

[2025-06-09 13:32:03] [INFO] STEP: DATA LOADING - Loading data from: dane2.csv
[2025-06-09 13:32:05] [INFO] STEP: DATA PREPARATION COMPLETED - Dataset loaded with 80 rows and 10 columns
[2025-06-09 13:32:05] [INFO] STEP: DATA EXPORT - Starting export of cleaned/validated data
[2025-06-09 13:32:05] [INFO] STEP: DATA EXPORT COMPLETED - Data export completed successfully

================================================================================
SESSION SUMMARY WITH DEBUGGING INFORMATION
================================================================================
Session duration: 0.03 minutes
Total analysis steps: 4
Total custom warnings: 0
Total custom errors: 0
Total R warnings captured: 0
Total console output entries: 0
Session ended: 2025-06-09 13:32:05.425096

ANALYSIS STEPS COMPLETED:
  1. DATA LOADING (13:32:03)
  2. DATA PREPARATION COMPLETED (13:32:05)
  3. DATA EXPORT (13:32:05)
  4. DATA EXPORT COMPLETED (13:32:05)

DEBUGGING RECOMMENDATIONS:
  ✅ No R warnings - clean execution

================================================================================
