================================================================================
R STATISTICAL ANALYSIS SESSION LOG - ENHANCED DEBUGGING MODE
Session started: 2025-06-07 17:26:54.284587
R Version: R version 4.4.3 (2025-02-28 ucrt)
Working directory: C:/Users/konrad_guest/Documents/RProject/sad-projekt
Command line args: --enhanced_inferential --report
Log level: INFO
================================================================================

[2025-06-07 17:26:54] [INFO] STEP: DATA LOADING - Loading data from: dane.csv
[2025-06-07 17:26:55] [INFO] STEP: DATA PREPARATION COMPLETED - Dataset loaded with 75 rows and 11 columns
[2025-06-07 17:26:55] [INFO] STEP: ENHANCED INFERENTIAL ANALYSIS - Starting enhanced inferential analysis with covariates

================================================================================
ENHANCED SESSION SUMMARY WITH DEBUGGING INFORMATION
================================================================================
Session duration: 0.02 minutes
Total analysis steps: 3
Total custom warnings: 0
Total custom errors: 0
Total R warnings captured: 0
Total console output entries: 0
Session ended: 2025-06-07 17:26:55.641653

ANALYSIS STEPS COMPLETED:
  1. DATA LOADING (17:26:54)
  2. DATA PREPARATION COMPLETED (17:26:55)
  3. ENHANCED INFERENTIAL ANALYSIS (17:26:55)

DEBUGGING RECOMMENDATIONS:
  ✅ No R warnings - clean execution

================================================================================
