================================================================================
R STATISTICAL ANALYSIS SESSION LOG
Session started: 2025-06-13 19:37:33.007964
R Version: R version 4.4.3 (2025-02-28 ucrt)
Working directory: C:/Users/konrad_guest/Documents/RProject/sad-projekt
Command line args: --unified_dashboard
Log level: INFO
================================================================================

[2025-06-13 19:37:33] [INFO] STEP: DATA LOADING - Loading data from: dane.csv
[2025-06-13 19:37:34] [INFO] STEP: DATA PREPARATION COMPLETED - Dataset loaded with 75 rows and 11 columns
[2025-06-13 19:37:34] [INFO] STEP: UNIFIED DASHBOARD - Starting unified dashboard generation with all analyses
[2025-06-13 19:37:35] [R_WARNING] Using `size` aesthetic for lines was deprecated in ggplot2 3.4.0.
ℹ Please use `linewidth` instead.
[2025-06-13 19:37:36] [R_WARNING] Using `size` aesthetic for lines was deprecated in ggplot2 3.4.0.
ℹ Please use `linewidth` instead.
[2025-06-13 19:37:36] [R_WARNING] The dot-dot notation (`..density..`) was deprecated in ggplot2 3.4.0.
ℹ Please use `after_stat(density)` instead.
[2025-06-13 19:37:36] [R_WARNING] The dot-dot notation (`..density..`) was deprecated in ggplot2 3.4.0.
ℹ Please use `after_stat(density)` instead.
[2025-06-13 19:37:43] [R_WARNING] Cannot compute exact p-value with ties
[2025-06-13 19:37:43] [R_WARNING] Cannot compute exact p-value with ties
[2025-06-13 19:37:43] [R_WARNING] Cannot compute exact p-value with ties
[2025-06-13 19:37:43] [R_WARNING] Cannot compute exact p-value with ties
[2025-06-13 19:37:43] [R_WARNING] Cannot compute exact p-value with ties
[2025-06-13 19:37:43] [R_WARNING] Cannot compute exact p-value with ties
[2025-06-13 19:37:43] [R_WARNING] Cannot compute exact p-value with ties
[2025-06-13 19:37:43] [R_WARNING] Cannot compute exact p-value with ties
[2025-06-13 19:37:43] [R_WARNING] Cannot compute exact p-value with ties
[2025-06-13 19:37:43] [R_WARNING] Cannot compute exact p-value with ties
[2025-06-13 19:37:43] [R_WARNING] Cannot compute exact p-value with ties
[2025-06-13 19:37:43] [R_WARNING] Cannot compute exact p-value with ties
[2025-06-13 19:37:43] [R_WARNING] Cannot compute exact p-value with ties
[2025-06-13 19:37:43] [R_WARNING] Cannot compute exact p-value with ties
[2025-06-13 19:37:43] [R_WARNING] Cannot compute exact p-value with ties
[2025-06-13 19:37:43] [R_WARNING] Cannot compute exact p-value with ties
[2025-06-13 19:37:43] [R_WARNING] Cannot compute exact p-value with ties
[2025-06-13 19:37:43] [R_WARNING] Cannot compute exact p-value with ties
[2025-06-13 19:37:43] [R_WARNING] Cannot compute exact p-value with ties
[2025-06-13 19:37:43] [R_WARNING] Cannot compute exact p-value with ties
[2025-06-13 19:37:43] [R_WARNING] Cannot compute exact p-value with ties
[2025-06-13 19:37:43] [R_WARNING] Cannot compute exact p-value with ties
[2025-06-13 19:37:43] [R_WARNING] Cannot compute exact p-value with ties
[2025-06-13 19:37:43] [R_WARNING] Cannot compute exact p-value with ties
[2025-06-13 19:37:43] [R_WARNING] Cannot compute exact p-value with ties
[2025-06-13 19:37:43] [R_WARNING] Cannot compute exact p-value with ties
[2025-06-13 19:37:43] [R_WARNING] Cannot compute exact p-value with ties
[2025-06-13 19:37:43] [R_WARNING] Cannot compute exact p-value with ties
[2025-06-13 19:37:43] [R_WARNING] Cannot compute exact p-value with ties
[2025-06-13 19:37:43] [R_WARNING] Cannot compute exact p-value with ties
[2025-06-13 19:37:43] [R_WARNING] Cannot compute exact p-value with ties
[2025-06-13 19:37:43] [R_WARNING] Cannot compute exact p-value with ties
[2025-06-13 19:37:43] [R_WARNING] Cannot compute exact p-value with ties
[2025-06-13 19:37:43] [R_WARNING] Cannot compute exact p-value with ties
[2025-06-13 19:37:43] [R_WARNING] Cannot compute exact p-value with ties
[2025-06-13 19:37:43] [R_WARNING] Cannot compute exact p-value with ties
[2025-06-13 19:37:43] [R_WARNING] Cannot compute exact p-value with ties
[2025-06-13 19:37:43] [R_WARNING] Cannot compute exact p-value with ties
[2025-06-13 19:37:43] [R_WARNING] Cannot compute exact p-value with ties
[2025-06-13 19:37:43] [R_WARNING] Cannot compute exact p-value with ties
[2025-06-13 19:37:43] [R_WARNING] Cannot compute exact p-value with ties
[2025-06-13 19:37:43] [R_WARNING] Cannot compute exact p-value with ties
[2025-06-13 19:37:43] [R_WARNING] Cannot compute exact p-value with ties
[2025-06-13 19:37:43] [R_WARNING] Cannot compute exact p-value with ties
[2025-06-13 19:37:43] [R_WARNING] Cannot compute exact p-value with ties
[2025-06-13 19:37:43] [R_WARNING] Cannot compute exact p-value with ties
[2025-06-13 19:37:43] [R_WARNING] Cannot compute exact p-value with ties
[2025-06-13 19:37:43] [R_WARNING] Cannot compute exact p-value with ties
[2025-06-13 19:37:43] [R_WARNING] Cannot compute exact p-value with ties
[2025-06-13 19:37:43] [R_WARNING] Cannot compute exact p-value with ties
[2025-06-13 19:37:43] [R_WARNING] Cannot compute exact p-value with ties
[2025-06-13 19:37:43] [R_WARNING] Cannot compute exact p-value with ties
[2025-06-13 19:37:43] [R_WARNING] Cannot compute exact p-value with ties
[2025-06-13 19:37:43] [R_WARNING] Cannot compute exact p-value with ties
[2025-06-13 19:37:43] [R_WARNING] Cannot compute exact p-value with ties
[2025-06-13 19:37:43] [R_WARNING] Cannot compute exact p-value with ties
[2025-06-13 19:37:43] [R_WARNING] Cannot compute exact p-value with ties
[2025-06-13 19:37:43] [R_WARNING] Cannot compute exact p-value with ties
[2025-06-13 19:37:43] [R_WARNING] Cannot compute exact p-value with ties
[2025-06-13 19:37:43] [R_WARNING] Cannot compute exact p-value with ties
[2025-06-13 19:37:43] [R_WARNING] Cannot compute exact p-value with ties
[2025-06-13 19:37:43] [R_WARNING] Cannot compute exact p-value with ties
[2025-06-13 19:37:43] [R_WARNING] Cannot compute exact p-value with ties
[2025-06-13 19:37:43] [R_WARNING] Cannot compute exact p-value with ties
[2025-06-13 19:37:43] [R_WARNING] Cannot compute exact p-value with ties
[2025-06-13 19:37:43] [R_WARNING] Cannot compute exact p-value with ties
[2025-06-13 19:37:43] [R_WARNING] Cannot compute exact p-value with ties
[2025-06-13 19:37:43] [R_WARNING] Cannot compute exact p-value with ties
[2025-06-13 19:37:43] [R_WARNING] Cannot compute exact p-value with ties
[2025-06-13 19:37:43] [R_WARNING] Cannot compute exact p-value with ties
[2025-06-13 19:37:43] [R_WARNING] Cannot compute exact p-value with ties
[2025-06-13 19:37:43] [R_WARNING] Cannot compute exact p-value with ties
[2025-06-13 19:37:43] [R_WARNING] Cannot compute exact p-value with ties
[2025-06-13 19:37:43] [R_WARNING] Cannot compute exact p-value with ties
[2025-06-13 19:37:43] [R_WARNING] Cannot compute exact p-value with ties
[2025-06-13 19:37:43] [R_WARNING] Cannot compute exact p-value with ties
[2025-06-13 19:37:43] [R_WARNING] Cannot compute exact p-value with ties
[2025-06-13 19:37:43] [R_WARNING] Cannot compute exact p-value with ties
[2025-06-13 19:37:43] [R_WARNING] Cannot compute exact p-value with ties
[2025-06-13 19:37:43] [R_WARNING] Cannot compute exact p-value with ties
[2025-06-13 19:37:43] [R_WARNING] Cannot compute exact p-value with ties
[2025-06-13 19:37:43] [R_WARNING] Cannot compute exact p-value with ties
[2025-06-13 19:37:43] [R_WARNING] Cannot compute exact p-value with ties
[2025-06-13 19:37:43] [R_WARNING] Cannot compute exact p-value with ties
[2025-06-13 19:37:43] [R_WARNING] Cannot compute exact p-value with ties
[2025-06-13 19:37:43] [R_WARNING] Cannot compute exact p-value with ties
[2025-06-13 19:37:43] [R_WARNING] Cannot compute exact p-value with ties
[2025-06-13 19:37:43] [R_WARNING] Cannot compute exact p-value with ties
[2025-06-13 19:37:43] [R_WARNING] Cannot compute exact p-value with ties
[2025-06-13 19:37:43] [R_WARNING] Cannot compute exact p-value with ties
[2025-06-13 19:37:43] [R_WARNING] Cannot compute exact p-value with ties
[2025-06-13 19:37:43] [R_WARNING] Cannot compute exact p-value with ties
[2025-06-13 19:37:43] [R_WARNING] Cannot compute exact p-value with ties
[2025-06-13 19:37:43] [R_WARNING] Cannot compute exact p-value with ties
[2025-06-13 19:37:43] [R_WARNING] Cannot compute exact p-value with ties
[2025-06-13 19:37:43] [R_WARNING] Cannot compute exact p-value with ties
[2025-06-13 19:37:43] [R_WARNING] Cannot compute exact p-value with ties
[2025-06-13 19:37:43] [R_WARNING] Cannot compute exact p-value with ties
[2025-06-13 19:37:43] [R_WARNING] Cannot compute exact p-value with ties
[2025-06-13 19:37:43] [R_WARNING] Cannot compute exact p-value with ties
[2025-06-13 19:37:43] [R_WARNING] Cannot compute exact p-value with ties
[2025-06-13 19:37:43] [R_WARNING] Cannot compute exact p-value with ties
[2025-06-13 19:37:43] [R_WARNING] Cannot compute exact p-value with ties
[2025-06-13 19:37:43] [R_WARNING] Cannot compute exact p-value with ties
[2025-06-13 19:37:43] [R_WARNING] Cannot compute exact p-value with ties
[2025-06-13 19:37:43] [R_WARNING] Cannot compute exact p-value with ties
[2025-06-13 19:37:43] [R_WARNING] Cannot compute exact p-value with ties
[2025-06-13 19:37:43] [R_WARNING] Cannot compute exact p-value with ties
[2025-06-13 19:37:43] [R_WARNING] Cannot compute exact p-value with ties
[2025-06-13 19:37:43] [R_WARNING] Cannot compute exact p-value with ties
[2025-06-13 19:37:43] [R_WARNING] Cannot compute exact p-value with ties
[2025-06-13 19:37:43] [R_WARNING] Cannot compute exact p-value with ties
[2025-06-13 19:37:43] [R_WARNING] Cannot compute exact p-value with ties
[2025-06-13 19:37:43] [R_WARNING] Cannot compute exact p-value with ties
[2025-06-13 19:37:43] [R_WARNING] Cannot compute exact p-value with ties
[2025-06-13 19:37:43] [R_WARNING] Cannot compute exact p-value with ties
[2025-06-13 19:37:43] [R_WARNING] Cannot compute exact p-value with ties
[2025-06-13 19:37:43] [R_WARNING] Cannot compute exact p-value with ties
[2025-06-13 19:37:43] [R_WARNING] Cannot compute exact p-value with ties
[2025-06-13 19:37:43] [R_WARNING] Cannot compute exact p-value with ties
[2025-06-13 19:37:43] [R_WARNING] Cannot compute exact p-value with ties
[2025-06-13 19:37:43] [R_WARNING] Cannot compute exact p-value with ties
[2025-06-13 19:37:43] [R_WARNING] Cannot compute exact p-value with ties
[2025-06-13 19:37:43] [R_WARNING] Cannot compute exact p-value with ties
[2025-06-13 19:37:43] [R_WARNING] Cannot compute exact p-value with ties
[2025-06-13 19:37:43] [R_WARNING] Cannot compute exact p-value with ties
[2025-06-13 19:37:43] [R_WARNING] Cannot compute exact p-value with ties
[2025-06-13 19:37:43] [R_WARNING] Cannot compute exact p-value with ties
[2025-06-13 19:37:43] [R_WARNING] Cannot compute exact p-value with ties
[2025-06-13 19:37:43] [R_WARNING] Cannot compute exact p-value with ties
[2025-06-13 19:37:43] [R_WARNING] Cannot compute exact p-value with ties
[2025-06-13 19:37:43] [R_WARNING] Cannot compute exact p-value with ties
[2025-06-13 19:37:43] [R_WARNING] Cannot compute exact p-value with ties
[2025-06-13 19:37:43] [R_WARNING] Cannot compute exact p-value with ties
[2025-06-13 19:37:43] [R_WARNING] Cannot compute exact p-value with ties
[2025-06-13 19:37:43] [R_WARNING] Cannot compute exact p-value with ties
[2025-06-13 19:37:43] [R_WARNING] Cannot compute exact p-value with ties
[2025-06-13 19:37:43] [R_WARNING] Cannot compute exact p-value with ties
[2025-06-13 19:37:43] [R_WARNING] Cannot compute exact p-value with ties
[2025-06-13 19:37:43] [R_WARNING] Cannot compute exact p-value with ties
[2025-06-13 19:37:43] [R_WARNING] Cannot compute exact p-value with ties
[2025-06-13 19:37:44] [R_WARNING] Cannot compute exact p-value with ties
[2025-06-13 19:37:44] [R_WARNING] Cannot compute exact p-value with ties
[2025-06-13 19:37:44] [R_WARNING] Cannot compute exact p-value with ties
[2025-06-13 19:37:44] [R_WARNING] Cannot compute exact p-value with ties
[2025-06-13 19:37:44] [R_WARNING] Cannot compute exact p-value with ties
[2025-06-13 19:37:44] [R_WARNING] Cannot compute exact p-value with ties
[2025-06-13 19:37:44] [R_WARNING] Cannot compute exact p-value with ties
[2025-06-13 19:37:44] [R_WARNING] Cannot compute exact p-value with ties
[2025-06-13 19:37:44] [R_WARNING] Cannot compute exact p-value with ties
[2025-06-13 19:37:44] [R_WARNING] Cannot compute exact p-value with ties
[2025-06-13 19:37:44] [R_WARNING] Cannot compute exact p-value with ties
[2025-06-13 19:37:44] [R_WARNING] Cannot compute exact p-value with ties
[2025-06-13 19:37:44] [R_WARNING] Cannot compute exact p-value with ties
[2025-06-13 19:37:44] [R_WARNING] Cannot compute exact p-value with ties
[2025-06-13 19:37:44] [R_WARNING] Cannot compute exact p-value with ties
[2025-06-13 19:37:44] [R_WARNING] Cannot compute exact p-value with ties
[2025-06-13 19:37:44] [R_WARNING] Cannot compute exact p-value with ties
[2025-06-13 19:37:44] [R_WARNING] Cannot compute exact p-value with ties
[2025-06-13 19:37:44] [R_WARNING] Cannot compute exact p-value with ties
[2025-06-13 19:37:44] [R_WARNING] Cannot compute exact p-value with ties
[2025-06-13 19:37:44] [R_WARNING] Cannot compute exact p-value with ties
[2025-06-13 19:37:44] [R_WARNING] Cannot compute exact p-value with ties
[2025-06-13 19:37:44] [R_WARNING] Cannot compute exact p-value with ties
[2025-06-13 19:37:44] [R_WARNING] Cannot compute exact p-value with ties
[2025-06-13 19:37:44] [R_WARNING] Cannot compute exact p-value with ties
[2025-06-13 19:37:44] [R_WARNING] Cannot compute exact p-value with ties
[2025-06-13 19:37:44] [R_WARNING] Cannot compute exact p-value with ties
[2025-06-13 19:37:44] [R_WARNING] Cannot compute exact p-value with ties
[2025-06-13 19:37:44] [R_WARNING] Cannot compute exact p-value with ties
[2025-06-13 19:37:44] [R_WARNING] Cannot compute exact p-value with ties
[2025-06-13 19:37:44] [R_WARNING] Cannot compute exact p-value with ties
[2025-06-13 19:37:44] [R_WARNING] Cannot compute exact p-value with ties
[2025-06-13 19:37:44] [R_WARNING] Cannot compute exact p-value with ties
[2025-06-13 19:37:44] [R_WARNING] Cannot compute exact p-value with ties
[2025-06-13 19:37:44] [R_WARNING] Cannot compute exact p-value with ties
[2025-06-13 19:37:44] [R_WARNING] Cannot compute exact p-value with ties
[2025-06-13 19:37:44] [R_WARNING] Cannot compute exact p-value with ties
[2025-06-13 19:37:44] [R_WARNING] Cannot compute exact p-value with ties
[2025-06-13 19:37:44] [R_WARNING] Cannot compute exact p-value with ties
[2025-06-13 19:37:44] [R_WARNING] Cannot compute exact p-value with ties
[2025-06-13 19:37:44] [R_WARNING] Cannot compute exact p-value with ties
[2025-06-13 19:37:44] [R_WARNING] Cannot compute exact p-value with ties
[2025-06-13 19:37:44] [R_WARNING] Cannot compute exact p-value with ties
[2025-06-13 19:37:44] [R_WARNING] Cannot compute exact p-value with ties
[2025-06-13 19:37:44] [R_WARNING] Cannot compute exact p-value with ties
[2025-06-13 19:37:44] [R_WARNING] Cannot compute exact p-value with ties
[2025-06-13 19:37:44] [R_WARNING] Cannot compute exact p-value with ties
[2025-06-13 19:37:44] [R_WARNING] Cannot compute exact p-value with ties
[2025-06-13 19:37:44] [R_WARNING] Cannot compute exact p-value with ties
[2025-06-13 19:37:44] [R_WARNING] Cannot compute exact p-value with ties
[2025-06-13 19:37:44] [R_WARNING] Cannot compute exact p-value with ties
[2025-06-13 19:37:44] [R_WARNING] Cannot compute exact p-value with ties
[2025-06-13 19:37:44] [R_WARNING] Cannot compute exact p-value with ties
[2025-06-13 19:37:44] [R_WARNING] Cannot compute exact p-value with ties
[2025-06-13 19:37:44] [R_WARNING] Cannot compute exact p-value with ties
[2025-06-13 19:37:44] [R_WARNING] Cannot compute exact p-value with ties
[2025-06-13 19:37:44] [R_WARNING] Cannot compute exact p-value with ties
[2025-06-13 19:37:44] [R_WARNING] Cannot compute exact p-value with ties
[2025-06-13 19:37:44] [R_WARNING] Cannot compute exact p-value with ties
[2025-06-13 19:37:44] [R_WARNING] Cannot compute exact p-value with ties
[2025-06-13 19:37:44] [R_WARNING] Cannot compute exact p-value with ties
[2025-06-13 19:37:44] [R_WARNING] Cannot compute exact p-value with ties
[2025-06-13 19:37:44] [R_WARNING] Cannot compute exact p-value with ties
[2025-06-13 19:37:44] [R_WARNING] Cannot compute exact p-value with ties
[2025-06-13 19:37:44] [R_WARNING] Cannot compute exact p-value with ties
[2025-06-13 19:37:44] [R_WARNING] Cannot compute exact p-value with ties
[2025-06-13 19:37:44] [R_WARNING] Cannot compute exact p-value with ties
[2025-06-13 19:37:44] [R_WARNING] Cannot compute exact p-value with ties
[2025-06-13 19:37:44] [R_WARNING] Cannot compute exact p-value with ties
[2025-06-13 19:37:44] [R_WARNING] Cannot compute exact p-value with ties
[2025-06-13 19:37:44] [R_WARNING] Cannot compute exact p-value with ties
[2025-06-13 19:37:44] [R_WARNING] Cannot compute exact p-value with ties
[2025-06-13 19:37:44] [R_WARNING] Cannot compute exact p-value with ties
[2025-06-13 19:37:44] [R_WARNING] Cannot compute exact p-value with ties
[2025-06-13 19:37:44] [R_WARNING] Cannot compute exact p-value with ties
[2025-06-13 19:37:44] [R_WARNING] Cannot compute exact p-value with ties
[2025-06-13 19:37:44] [R_WARNING] Cannot compute exact p-value with ties
[2025-06-13 19:37:44] [R_WARNING] Cannot compute exact p-value with ties
[2025-06-13 19:37:44] [R_WARNING] Cannot compute exact p-value with ties
[2025-06-13 19:37:44] [R_WARNING] Cannot compute exact p-value with ties
[2025-06-13 19:37:44] [R_WARNING] Cannot compute exact p-value with ties
[2025-06-13 19:37:44] [R_WARNING] Cannot compute exact p-value with ties
[2025-06-13 19:37:44] [R_WARNING] Cannot compute exact p-value with ties
[2025-06-13 19:37:44] [R_WARNING] Cannot compute exact p-value with ties
[2025-06-13 19:37:44] [R_WARNING] Cannot compute exact p-value with ties
[2025-06-13 19:37:44] [R_WARNING] Cannot compute exact p-value with ties
[2025-06-13 19:37:44] [R_WARNING] Cannot compute exact p-value with ties
[2025-06-13 19:37:44] [R_WARNING] Cannot compute exact p-value with ties
[2025-06-13 19:37:44] [R_WARNING] Cannot compute exact p-value with ties
[2025-06-13 19:37:44] [R_WARNING] Cannot compute exact p-value with ties
[2025-06-13 19:37:44] [R_WARNING] Cannot compute exact p-value with ties
[2025-06-13 19:37:44] [R_WARNING] Cannot compute exact p-value with ties
[2025-06-13 19:37:44] [R_WARNING] Cannot compute exact p-value with ties
[2025-06-13 19:37:44] [R_WARNING] Cannot compute exact p-value with ties
[2025-06-13 19:37:44] [R_WARNING] Cannot compute exact p-value with ties
[2025-06-13 19:37:44] [R_WARNING] Cannot compute exact p-value with ties
[2025-06-13 19:37:44] [R_WARNING] Cannot compute exact p-value with ties
[2025-06-13 19:37:44] [R_WARNING] Cannot compute exact p-value with ties
[2025-06-13 19:37:44] [R_WARNING] Cannot compute exact p-value with ties
[2025-06-13 19:37:44] [R_WARNING] Cannot compute exact p-value with ties
[2025-06-13 19:37:44] [R_WARNING] Cannot compute exact p-value with ties
[2025-06-13 19:37:44] [R_WARNING] Cannot compute exact p-value with ties
[2025-06-13 19:37:44] [R_WARNING] Cannot compute exact p-value with ties
[2025-06-13 19:37:44] [R_WARNING] Cannot compute exact p-value with ties
[2025-06-13 19:37:44] [R_WARNING] Cannot compute exact p-value with ties
[2025-06-13 19:37:44] [R_WARNING] Cannot compute exact p-value with ties
[2025-06-13 19:37:44] [R_WARNING] Cannot compute exact p-value with ties
[2025-06-13 19:37:44] [R_WARNING] Cannot compute exact p-value with ties
[2025-06-13 19:37:44] [R_WARNING] Cannot compute exact p-value with ties
[2025-06-13 19:37:44] [R_WARNING] Cannot compute exact p-value with ties
[2025-06-13 19:37:44] [R_WARNING] Cannot compute exact p-value with ties
[2025-06-13 19:37:44] [R_WARNING] Cannot compute exact p-value with ties
[2025-06-13 19:37:44] [R_WARNING] Cannot compute exact p-value with ties
[2025-06-13 19:37:44] [R_WARNING] Cannot compute exact p-value with ties
[2025-06-13 19:37:44] [R_WARNING] Cannot compute exact p-value with ties
[2025-06-13 19:37:44] [R_WARNING] Cannot compute exact p-value with ties
[2025-06-13 19:37:44] [R_WARNING] Cannot compute exact p-value with ties
[2025-06-13 19:37:44] [R_WARNING] Cannot compute exact p-value with ties
[2025-06-13 19:37:44] [R_WARNING] Cannot compute exact p-value with ties
[2025-06-13 19:37:44] [R_WARNING] Cannot compute exact p-value with ties
[2025-06-13 19:37:44] [R_WARNING] Cannot compute exact p-value with ties
[2025-06-13 19:37:44] [R_WARNING] Cannot compute exact p-value with ties
[2025-06-13 19:37:44] [R_WARNING] Cannot compute exact p-value with ties
[2025-06-13 19:37:44] [R_WARNING] Cannot compute exact p-value with ties
[2025-06-13 19:37:44] [R_WARNING] Cannot compute exact p-value with ties
[2025-06-13 19:37:44] [R_WARNING] Cannot compute exact p-value with ties
[2025-06-13 19:37:44] [R_WARNING] Cannot compute exact p-value with ties
[2025-06-13 19:37:44] [R_WARNING] Cannot compute exact p-value with ties
[2025-06-13 19:37:44] [R_WARNING] Cannot compute exact p-value with ties
[2025-06-13 19:37:44] [R_WARNING] Cannot compute exact p-value with ties
[2025-06-13 19:37:44] [R_WARNING] Cannot compute exact p-value with ties
[2025-06-13 19:37:44] [R_WARNING] Cannot compute exact p-value with ties
[2025-06-13 19:37:44] [R_WARNING] Cannot compute exact p-value with ties
[2025-06-13 19:37:44] [R_WARNING] Cannot compute exact p-value with ties
[2025-06-13 19:37:44] [R_WARNING] Cannot compute exact p-value with ties
[2025-06-13 19:37:44] [R_WARNING] Cannot compute exact p-value with ties
[2025-06-13 19:37:44] [R_WARNING] Cannot compute exact p-value with ties
[2025-06-13 19:37:44] [R_WARNING] Cannot compute exact p-value with ties
[2025-06-13 19:37:44] [R_WARNING] Cannot compute exact p-value with ties
[2025-06-13 19:37:44] [R_WARNING] Cannot compute exact p-value with ties
[2025-06-13 19:37:44] [R_WARNING] Cannot compute exact p-value with ties
[2025-06-13 19:37:44] [R_WARNING] Cannot compute exact p-value with ties
[2025-06-13 19:37:44] [R_WARNING] Cannot compute exact p-value with ties
[2025-06-13 19:37:44] [R_WARNING] Cannot compute exact p-value with ties
[2025-06-13 19:37:44] [R_WARNING] Cannot compute exact p-value with ties
[2025-06-13 19:37:44] [R_WARNING] Cannot compute exact p-value with ties
[2025-06-13 19:37:44] [R_WARNING] Cannot compute exact p-value with ties
[2025-06-13 19:37:44] [R_WARNING] ties should not be present for the one-sample Kolmogorov-Smirnov test
[2025-06-13 19:37:44] [R_WARNING] ties should not be present for the one-sample Kolmogorov-Smirnov test
[2025-06-13 19:37:44] [R_WARNING] Cannot compute exact p-value with ties
[2025-06-13 19:37:44] [R_WARNING] ties should not be present for the one-sample Kolmogorov-Smirnov test
[2025-06-13 19:37:44] [R_WARNING] ties should not be present for the one-sample Kolmogorov-Smirnov test
[2025-06-13 19:37:44] [R_WARNING] ties should not be present for the one-sample Kolmogorov-Smirnov test
[2025-06-13 19:37:44] [R_WARNING] ties should not be present for the one-sample Kolmogorov-Smirnov test
[2025-06-13 19:37:44] [R_WARNING] ties should not be present for the one-sample Kolmogorov-Smirnov test
[2025-06-13 19:37:44] [R_WARNING] ties should not be present for the one-sample Kolmogorov-Smirnov test
[2025-06-13 19:37:44] [R_WARNING] ties should not be present for the one-sample Kolmogorov-Smirnov test
[2025-06-13 19:37:44] [R_WARNING] ties should not be present for the one-sample Kolmogorov-Smirnov test
[2025-06-13 19:37:44] [R_WARNING] ties should not be present for the one-sample Kolmogorov-Smirnov test
[2025-06-13 19:37:44] [R_WARNING] ties should not be present for the one-sample Kolmogorov-Smirnov test
[2025-06-13 19:37:44] [R_WARNING] ties should not be present for the one-sample Kolmogorov-Smirnov test
[2025-06-13 19:37:44] [R_WARNING] ties should not be present for the one-sample Kolmogorov-Smirnov test
[2025-06-13 19:37:44] [R_WARNING] ties should not be present for the one-sample Kolmogorov-Smirnov test
[2025-06-13 19:37:44] [R_WARNING] ties should not be present for the one-sample Kolmogorov-Smirnov test
[2025-06-13 19:37:44] [R_WARNING] ties should not be present for the one-sample Kolmogorov-Smirnov test
[2025-06-13 19:37:44] [R_WARNING] ties should not be present for the one-sample Kolmogorov-Smirnov test
[2025-06-13 19:37:44] [R_WARNING] Cannot compute exact p-value with ties
[2025-06-13 19:37:44] [R_WARNING] ties should not be present for the one-sample Kolmogorov-Smirnov test
[2025-06-13 19:37:44] [R_WARNING] ties should not be present for the one-sample Kolmogorov-Smirnov test
[2025-06-13 19:37:44] [R_WARNING] Cannot compute exact p-value with ties
[2025-06-13 19:37:44] [R_WARNING] ties should not be present for the one-sample Kolmogorov-Smirnov test
[2025-06-13 19:37:44] [R_WARNING] ties should not be present for the one-sample Kolmogorov-Smirnov test
[2025-06-13 19:37:44] [R_WARNING] Cannot compute exact p-value with ties
[2025-06-13 19:37:44] [R_WARNING] ties should not be present for the one-sample Kolmogorov-Smirnov test
[2025-06-13 19:37:44] [R_WARNING] ties should not be present for the one-sample Kolmogorov-Smirnov test
[2025-06-13 19:37:44] [R_WARNING] Cannot compute exact p-value with ties
[2025-06-13 19:37:44] [R_WARNING] ties should not be present for the one-sample Kolmogorov-Smirnov test
[2025-06-13 19:37:44] [R_WARNING] ties should not be present for the one-sample Kolmogorov-Smirnov test
[2025-06-13 19:37:44] [R_WARNING] Cannot compute exact p-value with ties
[2025-06-13 19:37:44] [R_WARNING] ties should not be present for the one-sample Kolmogorov-Smirnov test
[2025-06-13 19:37:44] [R_WARNING] ties should not be present for the one-sample Kolmogorov-Smirnov test
[2025-06-13 19:37:44] [R_WARNING] Cannot compute exact p-value with ties
[2025-06-13 19:37:44] [R_WARNING] ties should not be present for the one-sample Kolmogorov-Smirnov test
[2025-06-13 19:37:44] [R_WARNING] ties should not be present for the one-sample Kolmogorov-Smirnov test
[2025-06-13 19:37:44] [R_WARNING] Cannot compute exact p-value with ties
[2025-06-13 19:37:44] [R_WARNING] ties should not be present for the one-sample Kolmogorov-Smirnov test
[2025-06-13 19:37:44] [R_WARNING] ties should not be present for the one-sample Kolmogorov-Smirnov test
[2025-06-13 19:37:44] [R_WARNING] ties should not be present for the one-sample Kolmogorov-Smirnov test
[2025-06-13 19:37:44] [R_WARNING] ties should not be present for the one-sample Kolmogorov-Smirnov test
[2025-06-13 19:37:44] [R_WARNING] ties should not be present for the one-sample Kolmogorov-Smirnov test
[2025-06-13 19:37:44] [R_WARNING] ties should not be present for the one-sample Kolmogorov-Smirnov test
[2025-06-13 19:37:44] [R_WARNING] ties should not be present for the one-sample Kolmogorov-Smirnov test
[2025-06-13 19:37:44] [R_WARNING] ties should not be present for the one-sample Kolmogorov-Smirnov test
[2025-06-13 19:37:44] [R_WARNING] ties should not be present for the one-sample Kolmogorov-Smirnov test
[2025-06-13 19:37:44] [R_WARNING] ties should not be present for the one-sample Kolmogorov-Smirnov test
[2025-06-13 19:37:44] [R_WARNING] ties should not be present for the one-sample Kolmogorov-Smirnov test
[2025-06-13 19:37:44] [R_WARNING] ties should not be present for the one-sample Kolmogorov-Smirnov test
[2025-06-13 19:37:44] [R_WARNING] ties should not be present for the one-sample Kolmogorov-Smirnov test
[2025-06-13 19:37:44] [R_WARNING] ties should not be present for the one-sample Kolmogorov-Smirnov test
[2025-06-13 19:37:44] [R_WARNING] ties should not be present for the one-sample Kolmogorov-Smirnov test
[2025-06-13 19:37:44] [R_WARNING] ties should not be present for the one-sample Kolmogorov-Smirnov test
[2025-06-13 19:37:44] [R_WARNING] ties should not be present for the one-sample Kolmogorov-Smirnov test
[2025-06-13 19:37:44] [R_WARNING] ties should not be present for the one-sample Kolmogorov-Smirnov test
[2025-06-13 19:37:44] [R_WARNING] ties should not be present for the one-sample Kolmogorov-Smirnov test
[2025-06-13 19:37:44] [R_WARNING] ties should not be present for the one-sample Kolmogorov-Smirnov test
[2025-06-13 19:37:44] [R_WARNING] ties should not be present for the one-sample Kolmogorov-Smirnov test
[2025-06-13 19:37:44] [R_WARNING] ties should not be present for the one-sample Kolmogorov-Smirnov test
[2025-06-13 19:37:44] [R_WARNING] ties should not be present for the one-sample Kolmogorov-Smirnov test
[2025-06-13 19:37:44] [R_WARNING] ties should not be present for the one-sample Kolmogorov-Smirnov test
[2025-06-13 19:37:44] [R_WARNING] ties should not be present for the one-sample Kolmogorov-Smirnov test
[2025-06-13 19:37:44] [R_WARNING] ties should not be present for the one-sample Kolmogorov-Smirnov test
[2025-06-13 19:37:44] [R_WARNING] ties should not be present for the one-sample Kolmogorov-Smirnov test
[2025-06-13 19:37:44] [R_WARNING] ties should not be present for the one-sample Kolmogorov-Smirnov test
[2025-06-13 19:37:44] [R_WARNING] ties should not be present for the one-sample Kolmogorov-Smirnov test
[2025-06-13 19:37:44] [R_WARNING] ties should not be present for the one-sample Kolmogorov-Smirnov test
[2025-06-13 19:37:44] [R_WARNING] ties should not be present for the one-sample Kolmogorov-Smirnov test
[2025-06-13 19:37:44] [R_WARNING] ties should not be present for the one-sample Kolmogorov-Smirnov test
[2025-06-13 19:37:44] [R_WARNING] ties should not be present for the one-sample Kolmogorov-Smirnov test
[2025-06-13 19:37:44] [R_WARNING] ties should not be present for the one-sample Kolmogorov-Smirnov test
[2025-06-13 19:37:44] [R_WARNING] ties should not be present for the one-sample Kolmogorov-Smirnov test
[2025-06-13 19:37:44] [R_WARNING] ties should not be present for the one-sample Kolmogorov-Smirnov test
[2025-06-13 19:37:44] [R_WARNING] ties should not be present for the one-sample Kolmogorov-Smirnov test
[2025-06-13 19:37:44] [R_WARNING] ties should not be present for the one-sample Kolmogorov-Smirnov test
[2025-06-13 19:37:44] [R_WARNING] ties should not be present for the one-sample Kolmogorov-Smirnov test
[2025-06-13 19:37:44] [R_WARNING] ties should not be present for the one-sample Kolmogorov-Smirnov test
[2025-06-13 19:37:44] [R_WARNING] ties should not be present for the one-sample Kolmogorov-Smirnov test
[2025-06-13 19:37:44] [R_WARNING] ties should not be present for the one-sample Kolmogorov-Smirnov test
[2025-06-13 19:37:44] [R_WARNING] Cannot compute exact p-value with ties
[2025-06-13 19:37:44] [R_WARNING] Cannot compute exact p-value with ties
[2025-06-13 19:37:44] [R_WARNING] Cannot compute exact p-value with ties
[2025-06-13 19:37:44] [R_WARNING] Cannot compute exact p-value with ties
[2025-06-13 19:37:44] [R_WARNING] Cannot compute exact p-value with ties
[2025-06-13 19:37:44] [R_WARNING] Cannot compute exact p-value with ties
[2025-06-13 19:37:44] [R_WARNING] Cannot compute exact p-value with ties
[2025-06-13 19:37:44] [R_WARNING] Cannot compute exact p-value with ties
[2025-06-13 19:37:44] [R_WARNING] Cannot compute exact p-value with ties
[2025-06-13 19:37:44] [R_WARNING] Cannot compute exact p-value with ties
[2025-06-13 19:37:44] [R_WARNING] Cannot compute exact p-value with ties
[2025-06-13 19:37:44] [R_WARNING] Cannot compute exact p-value with ties
[2025-06-13 19:37:44] [R_WARNING] Cannot compute exact p-value with ties
[2025-06-13 19:37:44] [R_WARNING] Cannot compute exact p-value with ties
[2025-06-13 19:37:44] [R_WARNING] Cannot compute exact p-value with ties
[2025-06-13 19:37:44] [R_WARNING] Cannot compute exact p-value with ties
[2025-06-13 19:37:44] [R_WARNING] Cannot compute exact p-value with ties
[2025-06-13 19:37:44] [R_WARNING] Cannot compute exact p-value with ties
[2025-06-13 19:37:44] [R_WARNING] Cannot compute exact p-value with ties
[2025-06-13 19:37:44] [R_WARNING] Cannot compute exact p-value with ties
[2025-06-13 19:37:44] [R_WARNING] Cannot compute exact p-value with ties
[2025-06-13 19:37:44] [R_WARNING] Cannot compute exact p-value with ties
[2025-06-13 19:37:44] [R_WARNING] Cannot compute exact p-value with ties
[2025-06-13 19:37:44] [R_WARNING] Cannot compute exact p-value with ties
[2025-06-13 19:37:44] [R_WARNING] Cannot compute exact p-value with ties
[2025-06-13 19:37:44] [R_WARNING] Cannot compute exact p-value with ties
[2025-06-13 19:37:44] [R_WARNING] Cannot compute exact p-value with ties
[2025-06-13 19:37:44] [R_WARNING] Cannot compute exact p-value with ties
[2025-06-13 19:37:44] [R_WARNING] Cannot compute exact p-value with ties
[2025-06-13 19:37:44] [R_WARNING] Cannot compute exact p-value with ties
[2025-06-13 19:37:44] [R_WARNING] Cannot compute exact p-value with ties
[2025-06-13 19:37:44] [R_WARNING] Cannot compute exact p-value with ties
[2025-06-13 19:37:44] [R_WARNING] Cannot compute exact p-value with ties
[2025-06-13 19:37:44] [R_WARNING] Cannot compute exact p-value with ties
[2025-06-13 19:37:44] [R_WARNING] Cannot compute exact p-value with ties
[2025-06-13 19:37:44] [R_WARNING] Cannot compute exact p-value with ties
[2025-06-13 19:37:44] [R_WARNING] Cannot compute exact p-value with ties
[2025-06-13 19:37:44] [R_WARNING] Cannot compute exact p-value with ties
[2025-06-13 19:37:44] [R_WARNING] Cannot compute exact p-value with ties
[2025-06-13 19:37:44] [R_WARNING] Cannot compute exact p-value with ties
[2025-06-13 19:37:44] [R_WARNING] Cannot compute exact p-value with ties
[2025-06-13 19:37:44] [R_WARNING] Cannot compute exact p-value with ties
[2025-06-13 19:37:49] [R_WARNING] The `panel.grid.y` theme element is not defined in the element hierarchy.
[2025-06-13 19:37:49] [R_WARNING] The `panel.grid.y` theme element is not defined in the element hierarchy.
[2025-06-13 19:37:53] [R_WARNING] Computation failed in `stat_signif()`.
Caused by error in `Summary.factor()`:
! 'min' not meaningful for factors
[2025-06-13 19:37:53] [R_WARNING] Computation failed in `stat_signif()`.
Caused by error in `Summary.factor()`:
! 'min' not meaningful for factors
[2025-06-13 19:37:54] [R_WARNING] Computation failed in `stat_signif()`.
Caused by error in `Summary.factor()`:
! 'min' not meaningful for factors
[2025-06-13 19:37:54] [R_WARNING] Computation failed in `stat_signif()`.
Caused by error in `Summary.factor()`:
! 'min' not meaningful for factors
[2025-06-13 19:37:55] [R_WARNING] Computation failed in `stat_signif()`.
Caused by error in `Summary.factor()`:
! 'min' not meaningful for factors
[2025-06-13 19:37:55] [R_WARNING] Computation failed in `stat_signif()`.
Caused by error in `Summary.factor()`:
! 'min' not meaningful for factors
[2025-06-13 19:38:13] [INFO] STEP: UNIFIED DASHBOARD COMPLETED - Dashboard generated with 4 successful analyses

================================================================================
SESSION SUMMARY WITH DEBUGGING INFORMATION
================================================================================
Session duration: 0.68 minutes
Total analysis steps: 4
Total custom warnings: 0
Total custom errors: 0
Total R warnings captured: 422
Total console output entries: 0
Session ended: 2025-06-13 19:38:13.568489

ANALYSIS STEPS COMPLETED:
  1. DATA LOADING (19:37:33)
  2. DATA PREPARATION COMPLETED (19:37:34)
  3. UNIFIED DASHBOARD (19:37:34)
  4. UNIFIED DASHBOARD COMPLETED (19:38:13)

R WARNINGS ENCOUNTERED (DEBUGGING INFO):
  338x: Cannot compute exact p-value with ties
  72x: ties should not be present for the one-sample Kolmogorov-Smirnov test
  6x: Computation failed in `stat_signif()`.
Caused by error in `Summary.factor()`:
! 'min' not meaningful for factors
  2x: The `panel.grid.y` theme element is not defined in the element hierarchy.
  2x: The dot-dot notation (`..density..`) was deprecated in ggplot2 3.4.0.
ℹ Please use `after_stat(density)` instead.
  2x: Using `size` aesthetic for lines was deprecated in ggplot2 3.4.0.
ℹ Please use `linewidth` instead.

DEBUGGING RECOMMENDATIONS:
  ⚠ High number of R warnings - investigate data quality

================================================================================
