================================================================================
R STATISTICAL ANALYSIS SESSION LOG - ENHANCED DEBUGGING MODE
Session started: 2025-06-07 17:31:48.382794
R Version: R version 4.4.3 (2025-02-28 ucrt)
Working directory: C:/Users/konrad_guest/Documents/RProject/sad-projekt
Command line args: --enhanced_inferential --report
Log level: INFO
================================================================================

[2025-06-07 17:31:48] [INFO] STEP: DATA LOADING - Loading data from: dane.csv
[2025-06-07 17:31:50] [INFO] STEP: DATA PREPARATION COMPLETED - Dataset loaded with 75 rows and 11 columns
[2025-06-07 17:31:50] [INFO] STEP: ENHANCED INFERENTIAL ANALYSIS - Starting enhanced inferential analysis with covariates
[2025-06-07 17:31:50] [R_WARNING] the response appeared on the right-hand side and was dropped
[2025-06-07 17:31:50] [R_WARNING] problem with term 2 in model.matrix: no columns are assigned
[2025-06-07 17:31:50] [R_WARNING] the response appeared on the right-hand side and was dropped
[2025-06-07 17:31:50] [R_WARNING] problem with term 2 in model.matrix: no columns are assigned
[2025-06-07 17:31:51] [R_WARNING] the response appeared on the right-hand side and was dropped
[2025-06-07 17:31:51] [R_WARNING] problem with term 2 in model.matrix: no columns are assigned
[2025-06-07 17:31:51] [R_WARNING] the response appeared on the right-hand side and was dropped
[2025-06-07 17:31:51] [R_WARNING] problem with term 3 in model.matrix: no columns are assigned
[2025-06-07 17:31:51] [R_WARNING] the response appeared on the right-hand side and was dropped
[2025-06-07 17:31:51] [R_WARNING] problem with term 3 in model.matrix: no columns are assigned
[2025-06-07 17:31:51] [R_WARNING] the response appeared on the right-hand side and was dropped
[2025-06-07 17:31:51] [R_WARNING] problem with term 3 in model.matrix: no columns are assigned
[2025-06-07 17:31:51] [R_WARNING] the response appeared on the right-hand side and was dropped
[2025-06-07 17:31:51] [R_WARNING] problem with term 2 in model.matrix: no columns are assigned
[2025-06-07 17:31:51] [R_WARNING] the response appeared on the right-hand side and was dropped
[2025-06-07 17:31:51] [R_WARNING] problem with term 3 in model.matrix: no columns are assigned
[2025-06-07 17:31:53] [R_WARNING] the response appeared on the right-hand side and was dropped
[2025-06-07 17:31:53] [R_WARNING] problem with term 2 in model.matrix: no columns are assigned
[2025-06-07 17:31:53] [R_WARNING] the response appeared on the right-hand side and was dropped
[2025-06-07 17:31:53] [R_WARNING] problem with term 2 in model.matrix: no columns are assigned
[2025-06-07 17:31:53] [R_WARNING] the response appeared on the right-hand side and was dropped
[2025-06-07 17:31:53] [R_WARNING] problem with term 2 in model.matrix: no columns are assigned
[2025-06-07 17:31:53] [R_WARNING] the response appeared on the right-hand side and was dropped
[2025-06-07 17:31:53] [R_WARNING] problem with term 2 in model.matrix: no columns are assigned
[2025-06-07 17:31:53] [R_WARNING] the response appeared on the right-hand side and was dropped
[2025-06-07 17:31:53] [R_WARNING] problem with term 1 in model.matrix: no columns are assigned
[2025-06-07 17:31:53] [R_WARNING] the response appeared on the right-hand side and was dropped
[2025-06-07 17:31:53] [R_WARNING] problem with term 2 in model.matrix: no columns are assigned
[2025-06-07 17:31:53] [R_WARNING] the response appeared on the right-hand side and was dropped
[2025-06-07 17:31:53] [R_WARNING] problem with term 2 in model.matrix: no columns are assigned
[2025-06-07 17:31:53] [R_WARNING] the response appeared on the right-hand side and was dropped
[2025-06-07 17:31:53] [R_WARNING] problem with term 2 in model.matrix: no columns are assigned
[2025-06-07 17:31:53] [R_WARNING] the response appeared on the right-hand side and was dropped
[2025-06-07 17:31:53] [R_WARNING] problem with term 2 in model.matrix: no columns are assigned
[2025-06-07 17:31:53] [R_WARNING] the response appeared on the right-hand side and was dropped
[2025-06-07 17:31:53] [R_WARNING] problem with term 3 in model.matrix: no columns are assigned
[2025-06-07 17:31:53] [R_WARNING] the response appeared on the right-hand side and was dropped
[2025-06-07 17:31:53] [R_WARNING] problem with term 2 in model.matrix: no columns are assigned
[2025-06-07 17:31:53] [R_WARNING] the response appeared on the right-hand side and was dropped
[2025-06-07 17:31:53] [R_WARNING] problem with term 3 in model.matrix: no columns are assigned
[2025-06-07 17:31:59] [INFO] STEP: ENHANCED INFERENTIAL ANALYSIS COMPLETED - Enhanced inferential analysis successfully completed
[2025-06-07 17:31:59] [INFO] STEP: HTML REPORT GENERATION - Starting HTML report generation
[2025-06-07 17:31:59] [INFO] STEP: HTML REPORT COMPLETED - Report saved to: enhanced_inferential_report_20250607_173159.html

================================================================================
ENHANCED SESSION SUMMARY WITH DEBUGGING INFORMATION
================================================================================
Session duration: 0.19 minutes
Total analysis steps: 6
Total custom warnings: 0
Total custom errors: 0
Total R warnings captured: 40
Total console output entries: 0
Session ended: 2025-06-07 17:31:59.870886

ANALYSIS STEPS COMPLETED:
  1. DATA LOADING (17:31:48)
  2. DATA PREPARATION COMPLETED (17:31:50)
  3. ENHANCED INFERENTIAL ANALYSIS (17:31:50)
  4. ENHANCED INFERENTIAL ANALYSIS COMPLETED (17:31:59)
  5. HTML REPORT GENERATION (17:31:59)
  6. HTML REPORT COMPLETED (17:31:59)

R WARNINGS ENCOUNTERED (DEBUGGING INFO):
  20x: the response appeared on the right-hand side and was dropped
  13x: problem with term 2 in model.matrix: no columns are assigned
  6x: problem with term 3 in model.matrix: no columns are assigned
  1x: problem with term 1 in model.matrix: no columns are assigned

DEBUGGING RECOMMENDATIONS:

================================================================================
