================================================================================
R STATISTICAL ANALYSIS SESSION LOG
Session started: 2025-06-09 13:28:34.115369
R Version: R version 4.4.3 (2025-02-28 ucrt)
Working directory: C:/Users/konrad_guest/Documents/RProject/sad-projekt
Command line args: --input dane2.csv --export
Log level: INFO
================================================================================

[2025-06-09 13:28:34] [INFO] STEP: DATA LOADING - Loading data from: dane2.csv
[2025-06-09 13:28:35] [INFO] STEP: DATA PREPARATION COMPLETED - Dataset loaded with 80 rows and 10 columns

================================================================================
SESSION SUMMARY WITH DEBUGGING INFORMATION
================================================================================
Session duration: 0.02 minutes
Total analysis steps: 2
Total custom warnings: 0
Total custom errors: 0
Total R warnings captured: 0
Total console output entries: 0
Session ended: 2025-06-09 13:28:35.576528

ANALYSIS STEPS COMPLETED:
  1. DATA LOADING (13:28:34)
  2. DATA PREPARATION COMPLETED (13:28:35)

DEBUGGING RECOMMENDATIONS:
  ✅ No R warnings - clean execution

================================================================================
