================================================================================
R STATISTICAL ANALYSIS SESSION LOG
Session started: 2025-06-09 13:43:29.360467
R Version: R version 4.4.3 (2025-02-28 ucrt)
Working directory: C:/Users/konrad_guest/Documents/RProject/sad-projekt
Command line args: --unified_dashboard
Log level: INFO
================================================================================

[2025-06-09 13:43:29] [INFO] STEP: DATA LOADING - Loading data from: dane.csv
[2025-06-09 13:43:30] [INFO] STEP: DATA PREPARATION COMPLETED - Dataset loaded with 75 rows and 11 columns
[2025-06-09 13:43:30] [INFO] STEP: UNIFIED DASHBOARD - Starting unified dashboard generation with all analyses
[2025-06-09 13:43:31] [R_WARNING] Using `size` aesthetic for lines was deprecated in ggplot2 3.4.0.
ℹ Please use `linewidth` instead.
[2025-06-09 13:43:32] [R_WARNING] Using `size` aesthetic for lines was deprecated in ggplot2 3.4.0.
ℹ Please use `linewidth` instead.
[2025-06-09 13:43:32] [R_WARNING] The dot-dot notation (`..density..`) was deprecated in ggplot2 3.4.0.
ℹ Please use `after_stat(density)` instead.
[2025-06-09 13:43:32] [R_WARNING] The dot-dot notation (`..density..`) was deprecated in ggplot2 3.4.0.
ℹ Please use `after_stat(density)` instead.
[2025-06-09 13:43:37] [R_WARNING] Cannot compute exact p-value with ties
[2025-06-09 13:43:37] [R_WARNING] Cannot compute exact p-value with ties
[2025-06-09 13:43:37] [R_WARNING] Cannot compute exact p-value with ties
[2025-06-09 13:43:37] [R_WARNING] Cannot compute exact p-value with ties
[2025-06-09 13:43:37] [R_WARNING] Cannot compute exact p-value with ties
[2025-06-09 13:43:37] [R_WARNING] Cannot compute exact p-value with ties
[2025-06-09 13:43:37] [R_WARNING] Cannot compute exact p-value with ties
[2025-06-09 13:43:37] [R_WARNING] Cannot compute exact p-value with ties
[2025-06-09 13:43:37] [R_WARNING] Cannot compute exact p-value with ties
[2025-06-09 13:43:37] [R_WARNING] Cannot compute exact p-value with ties
[2025-06-09 13:43:37] [R_WARNING] Cannot compute exact p-value with ties
[2025-06-09 13:43:37] [R_WARNING] Cannot compute exact p-value with ties
[2025-06-09 13:43:37] [R_WARNING] Cannot compute exact p-value with ties
[2025-06-09 13:43:37] [R_WARNING] Cannot compute exact p-value with ties
[2025-06-09 13:43:37] [R_WARNING] Cannot compute exact p-value with ties
[2025-06-09 13:43:37] [R_WARNING] Cannot compute exact p-value with ties
[2025-06-09 13:43:37] [R_WARNING] Cannot compute exact p-value with ties
[2025-06-09 13:43:37] [R_WARNING] Cannot compute exact p-value with ties
[2025-06-09 13:43:37] [R_WARNING] Cannot compute exact p-value with ties
[2025-06-09 13:43:37] [R_WARNING] Cannot compute exact p-value with ties
[2025-06-09 13:43:37] [R_WARNING] Cannot compute exact p-value with ties
[2025-06-09 13:43:37] [R_WARNING] Cannot compute exact p-value with ties
[2025-06-09 13:43:37] [R_WARNING] Cannot compute exact p-value with ties
[2025-06-09 13:43:37] [R_WARNING] Cannot compute exact p-value with ties
[2025-06-09 13:43:37] [R_WARNING] Cannot compute exact p-value with ties
[2025-06-09 13:43:37] [R_WARNING] Cannot compute exact p-value with ties
[2025-06-09 13:43:37] [R_WARNING] Cannot compute exact p-value with ties
[2025-06-09 13:43:37] [R_WARNING] Cannot compute exact p-value with ties
[2025-06-09 13:43:37] [R_WARNING] Cannot compute exact p-value with ties
[2025-06-09 13:43:37] [R_WARNING] Cannot compute exact p-value with ties
[2025-06-09 13:43:37] [R_WARNING] Cannot compute exact p-value with ties
[2025-06-09 13:43:37] [R_WARNING] Cannot compute exact p-value with ties
[2025-06-09 13:43:37] [R_WARNING] Cannot compute exact p-value with ties
[2025-06-09 13:43:37] [R_WARNING] Cannot compute exact p-value with ties
[2025-06-09 13:43:37] [R_WARNING] Cannot compute exact p-value with ties
[2025-06-09 13:43:37] [R_WARNING] Cannot compute exact p-value with ties
[2025-06-09 13:43:37] [R_WARNING] Cannot compute exact p-value with ties
[2025-06-09 13:43:37] [R_WARNING] Cannot compute exact p-value with ties
[2025-06-09 13:43:37] [R_WARNING] Cannot compute exact p-value with ties
[2025-06-09 13:43:37] [R_WARNING] Cannot compute exact p-value with ties
[2025-06-09 13:43:37] [R_WARNING] Cannot compute exact p-value with ties
[2025-06-09 13:43:37] [R_WARNING] Cannot compute exact p-value with ties
[2025-06-09 13:43:37] [R_WARNING] Cannot compute exact p-value with ties
[2025-06-09 13:43:37] [R_WARNING] Cannot compute exact p-value with ties
[2025-06-09 13:43:37] [R_WARNING] Cannot compute exact p-value with ties
[2025-06-09 13:43:37] [R_WARNING] Cannot compute exact p-value with ties
[2025-06-09 13:43:37] [R_WARNING] Cannot compute exact p-value with ties
[2025-06-09 13:43:37] [R_WARNING] Cannot compute exact p-value with ties
[2025-06-09 13:43:37] [R_WARNING] Cannot compute exact p-value with ties
[2025-06-09 13:43:37] [R_WARNING] Cannot compute exact p-value with ties
[2025-06-09 13:43:37] [R_WARNING] Cannot compute exact p-value with ties
[2025-06-09 13:43:37] [R_WARNING] Cannot compute exact p-value with ties
[2025-06-09 13:43:37] [R_WARNING] Cannot compute exact p-value with ties
[2025-06-09 13:43:37] [R_WARNING] Cannot compute exact p-value with ties
[2025-06-09 13:43:37] [R_WARNING] Cannot compute exact p-value with ties
[2025-06-09 13:43:37] [R_WARNING] Cannot compute exact p-value with ties
[2025-06-09 13:43:37] [R_WARNING] Cannot compute exact p-value with ties
[2025-06-09 13:43:37] [R_WARNING] Cannot compute exact p-value with ties
[2025-06-09 13:43:37] [R_WARNING] Cannot compute exact p-value with ties
[2025-06-09 13:43:37] [R_WARNING] Cannot compute exact p-value with ties
[2025-06-09 13:43:37] [R_WARNING] Cannot compute exact p-value with ties
[2025-06-09 13:43:37] [R_WARNING] Cannot compute exact p-value with ties
[2025-06-09 13:43:37] [R_WARNING] Cannot compute exact p-value with ties
[2025-06-09 13:43:37] [R_WARNING] Cannot compute exact p-value with ties
[2025-06-09 13:43:37] [R_WARNING] Cannot compute exact p-value with ties
[2025-06-09 13:43:37] [R_WARNING] Cannot compute exact p-value with ties
[2025-06-09 13:43:37] [R_WARNING] Cannot compute exact p-value with ties
[2025-06-09 13:43:37] [R_WARNING] Cannot compute exact p-value with ties
[2025-06-09 13:43:37] [R_WARNING] Cannot compute exact p-value with ties
[2025-06-09 13:43:37] [R_WARNING] Cannot compute exact p-value with ties
[2025-06-09 13:43:37] [R_WARNING] Cannot compute exact p-value with ties
[2025-06-09 13:43:37] [R_WARNING] Cannot compute exact p-value with ties
[2025-06-09 13:43:37] [R_WARNING] Cannot compute exact p-value with ties
[2025-06-09 13:43:37] [R_WARNING] Cannot compute exact p-value with ties
[2025-06-09 13:43:37] [R_WARNING] Cannot compute exact p-value with ties
[2025-06-09 13:43:37] [R_WARNING] Cannot compute exact p-value with ties
[2025-06-09 13:43:37] [R_WARNING] Cannot compute exact p-value with ties
[2025-06-09 13:43:37] [R_WARNING] Cannot compute exact p-value with ties
[2025-06-09 13:43:37] [R_WARNING] Cannot compute exact p-value with ties
[2025-06-09 13:43:37] [R_WARNING] Cannot compute exact p-value with ties
[2025-06-09 13:43:37] [R_WARNING] Cannot compute exact p-value with ties
[2025-06-09 13:43:37] [R_WARNING] Cannot compute exact p-value with ties
[2025-06-09 13:43:37] [R_WARNING] Cannot compute exact p-value with ties
[2025-06-09 13:43:37] [R_WARNING] Cannot compute exact p-value with ties
[2025-06-09 13:43:37] [R_WARNING] Cannot compute exact p-value with ties
[2025-06-09 13:43:37] [R_WARNING] Cannot compute exact p-value with ties
[2025-06-09 13:43:37] [R_WARNING] Cannot compute exact p-value with ties
[2025-06-09 13:43:37] [R_WARNING] Cannot compute exact p-value with ties
[2025-06-09 13:43:37] [R_WARNING] Cannot compute exact p-value with ties
[2025-06-09 13:43:37] [R_WARNING] Cannot compute exact p-value with ties
[2025-06-09 13:43:37] [R_WARNING] Cannot compute exact p-value with ties
[2025-06-09 13:43:37] [R_WARNING] Cannot compute exact p-value with ties
[2025-06-09 13:43:37] [R_WARNING] Cannot compute exact p-value with ties
[2025-06-09 13:43:37] [R_WARNING] Cannot compute exact p-value with ties
[2025-06-09 13:43:37] [R_WARNING] Cannot compute exact p-value with ties
[2025-06-09 13:43:37] [R_WARNING] Cannot compute exact p-value with ties
[2025-06-09 13:43:37] [R_WARNING] Cannot compute exact p-value with ties
[2025-06-09 13:43:37] [R_WARNING] Cannot compute exact p-value with ties
[2025-06-09 13:43:37] [R_WARNING] Cannot compute exact p-value with ties
[2025-06-09 13:43:37] [R_WARNING] Cannot compute exact p-value with ties
[2025-06-09 13:43:37] [R_WARNING] Cannot compute exact p-value with ties
[2025-06-09 13:43:37] [R_WARNING] Cannot compute exact p-value with ties
[2025-06-09 13:43:37] [R_WARNING] Cannot compute exact p-value with ties
[2025-06-09 13:43:37] [R_WARNING] Cannot compute exact p-value with ties
[2025-06-09 13:43:37] [R_WARNING] Cannot compute exact p-value with ties
[2025-06-09 13:43:37] [R_WARNING] Cannot compute exact p-value with ties
[2025-06-09 13:43:37] [R_WARNING] Cannot compute exact p-value with ties
[2025-06-09 13:43:37] [R_WARNING] Cannot compute exact p-value with ties
[2025-06-09 13:43:37] [R_WARNING] Cannot compute exact p-value with ties
[2025-06-09 13:43:37] [R_WARNING] Cannot compute exact p-value with ties
[2025-06-09 13:43:37] [R_WARNING] Cannot compute exact p-value with ties
[2025-06-09 13:43:37] [R_WARNING] Cannot compute exact p-value with ties
[2025-06-09 13:43:37] [R_WARNING] Cannot compute exact p-value with ties
[2025-06-09 13:43:37] [R_WARNING] Cannot compute exact p-value with ties
[2025-06-09 13:43:37] [R_WARNING] Cannot compute exact p-value with ties
[2025-06-09 13:43:37] [R_WARNING] Cannot compute exact p-value with ties
[2025-06-09 13:43:37] [R_WARNING] Cannot compute exact p-value with ties
[2025-06-09 13:43:37] [R_WARNING] Cannot compute exact p-value with ties
[2025-06-09 13:43:37] [R_WARNING] Cannot compute exact p-value with ties
[2025-06-09 13:43:37] [R_WARNING] Cannot compute exact p-value with ties
[2025-06-09 13:43:37] [R_WARNING] Cannot compute exact p-value with ties
[2025-06-09 13:43:37] [R_WARNING] Cannot compute exact p-value with ties
[2025-06-09 13:43:37] [R_WARNING] Cannot compute exact p-value with ties
[2025-06-09 13:43:37] [R_WARNING] Cannot compute exact p-value with ties
[2025-06-09 13:43:37] [R_WARNING] Cannot compute exact p-value with ties
[2025-06-09 13:43:37] [R_WARNING] Cannot compute exact p-value with ties
[2025-06-09 13:43:37] [R_WARNING] Cannot compute exact p-value with ties
[2025-06-09 13:43:37] [R_WARNING] Cannot compute exact p-value with ties
[2025-06-09 13:43:37] [R_WARNING] Cannot compute exact p-value with ties
[2025-06-09 13:43:37] [R_WARNING] Cannot compute exact p-value with ties
[2025-06-09 13:43:37] [R_WARNING] Cannot compute exact p-value with ties
[2025-06-09 13:43:37] [R_WARNING] Cannot compute exact p-value with ties
[2025-06-09 13:43:37] [R_WARNING] Cannot compute exact p-value with ties
[2025-06-09 13:43:37] [R_WARNING] Cannot compute exact p-value with ties
[2025-06-09 13:43:37] [R_WARNING] Cannot compute exact p-value with ties
[2025-06-09 13:43:37] [R_WARNING] Cannot compute exact p-value with ties
[2025-06-09 13:43:37] [R_WARNING] Cannot compute exact p-value with ties
[2025-06-09 13:43:37] [R_WARNING] Cannot compute exact p-value with ties
[2025-06-09 13:43:37] [R_WARNING] Cannot compute exact p-value with ties
[2025-06-09 13:43:37] [R_WARNING] Cannot compute exact p-value with ties
[2025-06-09 13:43:37] [R_WARNING] Cannot compute exact p-value with ties
[2025-06-09 13:43:37] [R_WARNING] Cannot compute exact p-value with ties
[2025-06-09 13:43:37] [R_WARNING] Cannot compute exact p-value with ties
[2025-06-09 13:43:37] [R_WARNING] Cannot compute exact p-value with ties
[2025-06-09 13:43:37] [R_WARNING] Cannot compute exact p-value with ties
[2025-06-09 13:43:37] [R_WARNING] Cannot compute exact p-value with ties
[2025-06-09 13:43:37] [R_WARNING] Cannot compute exact p-value with ties
[2025-06-09 13:43:37] [R_WARNING] Cannot compute exact p-value with ties
[2025-06-09 13:43:37] [R_WARNING] Cannot compute exact p-value with ties
[2025-06-09 13:43:37] [R_WARNING] Cannot compute exact p-value with ties
[2025-06-09 13:43:37] [R_WARNING] Cannot compute exact p-value with ties
[2025-06-09 13:43:37] [R_WARNING] Cannot compute exact p-value with ties
[2025-06-09 13:43:37] [R_WARNING] Cannot compute exact p-value with ties
[2025-06-09 13:43:37] [R_WARNING] Cannot compute exact p-value with ties
[2025-06-09 13:43:37] [R_WARNING] Cannot compute exact p-value with ties
[2025-06-09 13:43:37] [R_WARNING] Cannot compute exact p-value with ties
[2025-06-09 13:43:37] [R_WARNING] Cannot compute exact p-value with ties
[2025-06-09 13:43:37] [R_WARNING] Cannot compute exact p-value with ties
[2025-06-09 13:43:37] [R_WARNING] Cannot compute exact p-value with ties
[2025-06-09 13:43:37] [R_WARNING] Cannot compute exact p-value with ties
[2025-06-09 13:43:37] [R_WARNING] Cannot compute exact p-value with ties
[2025-06-09 13:43:37] [R_WARNING] Cannot compute exact p-value with ties
[2025-06-09 13:43:37] [R_WARNING] Cannot compute exact p-value with ties
[2025-06-09 13:43:37] [R_WARNING] Cannot compute exact p-value with ties
[2025-06-09 13:43:37] [R_WARNING] Cannot compute exact p-value with ties
[2025-06-09 13:43:37] [R_WARNING] Cannot compute exact p-value with ties
[2025-06-09 13:43:37] [R_WARNING] Cannot compute exact p-value with ties
[2025-06-09 13:43:37] [R_WARNING] Cannot compute exact p-value with ties
[2025-06-09 13:43:37] [R_WARNING] Cannot compute exact p-value with ties
[2025-06-09 13:43:37] [R_WARNING] Cannot compute exact p-value with ties
[2025-06-09 13:43:37] [R_WARNING] Cannot compute exact p-value with ties
[2025-06-09 13:43:37] [R_WARNING] Cannot compute exact p-value with ties
[2025-06-09 13:43:37] [R_WARNING] Cannot compute exact p-value with ties
[2025-06-09 13:43:37] [R_WARNING] Cannot compute exact p-value with ties
[2025-06-09 13:43:37] [R_WARNING] Cannot compute exact p-value with ties
[2025-06-09 13:43:37] [R_WARNING] Cannot compute exact p-value with ties
[2025-06-09 13:43:37] [R_WARNING] Cannot compute exact p-value with ties
[2025-06-09 13:43:37] [R_WARNING] Cannot compute exact p-value with ties
[2025-06-09 13:43:37] [R_WARNING] Cannot compute exact p-value with ties
[2025-06-09 13:43:37] [R_WARNING] Cannot compute exact p-value with ties
[2025-06-09 13:43:37] [R_WARNING] Cannot compute exact p-value with ties
[2025-06-09 13:43:37] [R_WARNING] Cannot compute exact p-value with ties
[2025-06-09 13:43:37] [R_WARNING] Cannot compute exact p-value with ties
[2025-06-09 13:43:37] [R_WARNING] Cannot compute exact p-value with ties
[2025-06-09 13:43:37] [R_WARNING] Cannot compute exact p-value with ties
[2025-06-09 13:43:37] [R_WARNING] Cannot compute exact p-value with ties
[2025-06-09 13:43:37] [R_WARNING] Cannot compute exact p-value with ties
[2025-06-09 13:43:37] [R_WARNING] Cannot compute exact p-value with ties
[2025-06-09 13:43:37] [R_WARNING] Cannot compute exact p-value with ties
[2025-06-09 13:43:37] [R_WARNING] Cannot compute exact p-value with ties
[2025-06-09 13:43:37] [R_WARNING] Cannot compute exact p-value with ties
[2025-06-09 13:43:37] [R_WARNING] Cannot compute exact p-value with ties
[2025-06-09 13:43:37] [R_WARNING] Cannot compute exact p-value with ties
[2025-06-09 13:43:37] [R_WARNING] Cannot compute exact p-value with ties
[2025-06-09 13:43:37] [R_WARNING] Cannot compute exact p-value with ties
[2025-06-09 13:43:37] [R_WARNING] Cannot compute exact p-value with ties
[2025-06-09 13:43:37] [R_WARNING] Cannot compute exact p-value with ties
[2025-06-09 13:43:37] [R_WARNING] Cannot compute exact p-value with ties
[2025-06-09 13:43:37] [R_WARNING] Cannot compute exact p-value with ties
[2025-06-09 13:43:37] [R_WARNING] Cannot compute exact p-value with ties
[2025-06-09 13:43:37] [R_WARNING] Cannot compute exact p-value with ties
[2025-06-09 13:43:37] [R_WARNING] Cannot compute exact p-value with ties
[2025-06-09 13:43:37] [R_WARNING] Cannot compute exact p-value with ties
[2025-06-09 13:43:37] [R_WARNING] Cannot compute exact p-value with ties
[2025-06-09 13:43:37] [R_WARNING] Cannot compute exact p-value with ties
[2025-06-09 13:43:37] [R_WARNING] Cannot compute exact p-value with ties
[2025-06-09 13:43:37] [R_WARNING] Cannot compute exact p-value with ties
[2025-06-09 13:43:37] [R_WARNING] Cannot compute exact p-value with ties
[2025-06-09 13:43:37] [R_WARNING] Cannot compute exact p-value with ties
[2025-06-09 13:43:37] [R_WARNING] Cannot compute exact p-value with ties
[2025-06-09 13:43:37] [R_WARNING] Cannot compute exact p-value with ties
[2025-06-09 13:43:37] [R_WARNING] Cannot compute exact p-value with ties
[2025-06-09 13:43:37] [R_WARNING] Cannot compute exact p-value with ties
[2025-06-09 13:43:37] [R_WARNING] Cannot compute exact p-value with ties
[2025-06-09 13:43:37] [R_WARNING] Cannot compute exact p-value with ties
[2025-06-09 13:43:37] [R_WARNING] Cannot compute exact p-value with ties
[2025-06-09 13:43:37] [R_WARNING] Cannot compute exact p-value with ties
[2025-06-09 13:43:37] [R_WARNING] Cannot compute exact p-value with ties
[2025-06-09 13:43:37] [R_WARNING] Cannot compute exact p-value with ties
[2025-06-09 13:43:37] [R_WARNING] Cannot compute exact p-value with ties
[2025-06-09 13:43:37] [R_WARNING] Cannot compute exact p-value with ties
[2025-06-09 13:43:37] [R_WARNING] Cannot compute exact p-value with ties
[2025-06-09 13:43:37] [R_WARNING] Cannot compute exact p-value with ties
[2025-06-09 13:43:37] [R_WARNING] Cannot compute exact p-value with ties
[2025-06-09 13:43:37] [R_WARNING] Cannot compute exact p-value with ties
[2025-06-09 13:43:37] [R_WARNING] Cannot compute exact p-value with ties
[2025-06-09 13:43:37] [R_WARNING] Cannot compute exact p-value with ties
[2025-06-09 13:43:37] [R_WARNING] Cannot compute exact p-value with ties
[2025-06-09 13:43:37] [R_WARNING] Cannot compute exact p-value with ties
[2025-06-09 13:43:37] [R_WARNING] Cannot compute exact p-value with ties
[2025-06-09 13:43:37] [R_WARNING] Cannot compute exact p-value with ties
[2025-06-09 13:43:37] [R_WARNING] Cannot compute exact p-value with ties
[2025-06-09 13:43:37] [R_WARNING] Cannot compute exact p-value with ties
[2025-06-09 13:43:37] [R_WARNING] Cannot compute exact p-value with ties
[2025-06-09 13:43:37] [R_WARNING] Cannot compute exact p-value with ties
[2025-06-09 13:43:37] [R_WARNING] Cannot compute exact p-value with ties
[2025-06-09 13:43:37] [R_WARNING] Cannot compute exact p-value with ties
[2025-06-09 13:43:37] [R_WARNING] Cannot compute exact p-value with ties
[2025-06-09 13:43:37] [R_WARNING] Cannot compute exact p-value with ties
[2025-06-09 13:43:37] [R_WARNING] Cannot compute exact p-value with ties
[2025-06-09 13:43:37] [R_WARNING] Cannot compute exact p-value with ties
[2025-06-09 13:43:37] [R_WARNING] Cannot compute exact p-value with ties
[2025-06-09 13:43:37] [R_WARNING] Cannot compute exact p-value with ties
[2025-06-09 13:43:37] [R_WARNING] Cannot compute exact p-value with ties
[2025-06-09 13:43:37] [R_WARNING] Cannot compute exact p-value with ties
[2025-06-09 13:43:37] [R_WARNING] Cannot compute exact p-value with ties
[2025-06-09 13:43:37] [R_WARNING] Cannot compute exact p-value with ties
[2025-06-09 13:43:37] [R_WARNING] Cannot compute exact p-value with ties
[2025-06-09 13:43:37] [R_WARNING] Cannot compute exact p-value with ties
[2025-06-09 13:43:37] [R_WARNING] Cannot compute exact p-value with ties
[2025-06-09 13:43:37] [R_WARNING] Cannot compute exact p-value with ties
[2025-06-09 13:43:37] [R_WARNING] Cannot compute exact p-value with ties
[2025-06-09 13:43:37] [R_WARNING] Cannot compute exact p-value with ties
[2025-06-09 13:43:37] [R_WARNING] Cannot compute exact p-value with ties
[2025-06-09 13:43:37] [R_WARNING] Cannot compute exact p-value with ties
[2025-06-09 13:43:37] [R_WARNING] Cannot compute exact p-value with ties
[2025-06-09 13:43:37] [R_WARNING] Cannot compute exact p-value with ties
[2025-06-09 13:43:37] [R_WARNING] Cannot compute exact p-value with ties
[2025-06-09 13:43:37] [R_WARNING] Cannot compute exact p-value with ties
[2025-06-09 13:43:37] [R_WARNING] Cannot compute exact p-value with ties
[2025-06-09 13:43:37] [R_WARNING] Cannot compute exact p-value with ties
[2025-06-09 13:43:37] [R_WARNING] Cannot compute exact p-value with ties
[2025-06-09 13:43:37] [R_WARNING] Cannot compute exact p-value with ties
[2025-06-09 13:43:37] [R_WARNING] Cannot compute exact p-value with ties
[2025-06-09 13:43:37] [R_WARNING] Cannot compute exact p-value with ties
[2025-06-09 13:43:37] [R_WARNING] Cannot compute exact p-value with ties
[2025-06-09 13:43:37] [R_WARNING] Cannot compute exact p-value with ties
[2025-06-09 13:43:37] [R_WARNING] Cannot compute exact p-value with ties
[2025-06-09 13:43:37] [R_WARNING] Cannot compute exact p-value with ties
[2025-06-09 13:43:37] [R_WARNING] Cannot compute exact p-value with ties
[2025-06-09 13:43:37] [R_WARNING] Cannot compute exact p-value with ties
[2025-06-09 13:43:37] [R_WARNING] Cannot compute exact p-value with ties
[2025-06-09 13:43:37] [R_WARNING] Cannot compute exact p-value with ties
[2025-06-09 13:43:37] [R_WARNING] Cannot compute exact p-value with ties
[2025-06-09 13:43:37] [R_WARNING] Cannot compute exact p-value with ties
[2025-06-09 13:43:37] [R_WARNING] Cannot compute exact p-value with ties
[2025-06-09 13:43:37] [R_WARNING] Cannot compute exact p-value with ties
[2025-06-09 13:43:37] [R_WARNING] Cannot compute exact p-value with ties
[2025-06-09 13:43:37] [R_WARNING] Cannot compute exact p-value with ties
[2025-06-09 13:43:37] [R_WARNING] Cannot compute exact p-value with ties
[2025-06-09 13:43:37] [R_WARNING] Cannot compute exact p-value with ties
[2025-06-09 13:43:37] [R_WARNING] Cannot compute exact p-value with ties
[2025-06-09 13:43:37] [R_WARNING] Cannot compute exact p-value with ties
[2025-06-09 13:43:37] [R_WARNING] Cannot compute exact p-value with ties
[2025-06-09 13:43:37] [R_WARNING] Cannot compute exact p-value with ties
[2025-06-09 13:43:37] [R_WARNING] Cannot compute exact p-value with ties
[2025-06-09 13:43:37] [R_WARNING] Cannot compute exact p-value with ties
[2025-06-09 13:43:37] [R_WARNING] Cannot compute exact p-value with ties
[2025-06-09 13:43:38] [R_WARNING] ties should not be present for the one-sample Kolmogorov-Smirnov test
[2025-06-09 13:43:38] [R_WARNING] ties should not be present for the one-sample Kolmogorov-Smirnov test
[2025-06-09 13:43:38] [R_WARNING] Cannot compute exact p-value with ties
[2025-06-09 13:43:38] [R_WARNING] ties should not be present for the one-sample Kolmogorov-Smirnov test
[2025-06-09 13:43:38] [R_WARNING] ties should not be present for the one-sample Kolmogorov-Smirnov test
[2025-06-09 13:43:38] [R_WARNING] ties should not be present for the one-sample Kolmogorov-Smirnov test
[2025-06-09 13:43:38] [R_WARNING] ties should not be present for the one-sample Kolmogorov-Smirnov test
[2025-06-09 13:43:38] [R_WARNING] ties should not be present for the one-sample Kolmogorov-Smirnov test
[2025-06-09 13:43:38] [R_WARNING] ties should not be present for the one-sample Kolmogorov-Smirnov test
[2025-06-09 13:43:38] [R_WARNING] ties should not be present for the one-sample Kolmogorov-Smirnov test
[2025-06-09 13:43:38] [R_WARNING] ties should not be present for the one-sample Kolmogorov-Smirnov test
[2025-06-09 13:43:38] [R_WARNING] ties should not be present for the one-sample Kolmogorov-Smirnov test
[2025-06-09 13:43:38] [R_WARNING] ties should not be present for the one-sample Kolmogorov-Smirnov test
[2025-06-09 13:43:38] [R_WARNING] ties should not be present for the one-sample Kolmogorov-Smirnov test
[2025-06-09 13:43:38] [R_WARNING] ties should not be present for the one-sample Kolmogorov-Smirnov test
[2025-06-09 13:43:38] [R_WARNING] ties should not be present for the one-sample Kolmogorov-Smirnov test
[2025-06-09 13:43:38] [R_WARNING] ties should not be present for the one-sample Kolmogorov-Smirnov test
[2025-06-09 13:43:38] [R_WARNING] ties should not be present for the one-sample Kolmogorov-Smirnov test
[2025-06-09 13:43:38] [R_WARNING] ties should not be present for the one-sample Kolmogorov-Smirnov test
[2025-06-09 13:43:38] [R_WARNING] Cannot compute exact p-value with ties
[2025-06-09 13:43:38] [R_WARNING] ties should not be present for the one-sample Kolmogorov-Smirnov test
[2025-06-09 13:43:38] [R_WARNING] ties should not be present for the one-sample Kolmogorov-Smirnov test
[2025-06-09 13:43:38] [R_WARNING] Cannot compute exact p-value with ties
[2025-06-09 13:43:38] [R_WARNING] ties should not be present for the one-sample Kolmogorov-Smirnov test
[2025-06-09 13:43:38] [R_WARNING] ties should not be present for the one-sample Kolmogorov-Smirnov test
[2025-06-09 13:43:38] [R_WARNING] Cannot compute exact p-value with ties
[2025-06-09 13:43:38] [R_WARNING] ties should not be present for the one-sample Kolmogorov-Smirnov test
[2025-06-09 13:43:38] [R_WARNING] ties should not be present for the one-sample Kolmogorov-Smirnov test
[2025-06-09 13:43:38] [R_WARNING] Cannot compute exact p-value with ties
[2025-06-09 13:43:38] [R_WARNING] ties should not be present for the one-sample Kolmogorov-Smirnov test
[2025-06-09 13:43:38] [R_WARNING] ties should not be present for the one-sample Kolmogorov-Smirnov test
[2025-06-09 13:43:38] [R_WARNING] Cannot compute exact p-value with ties
[2025-06-09 13:43:38] [R_WARNING] ties should not be present for the one-sample Kolmogorov-Smirnov test
[2025-06-09 13:43:38] [R_WARNING] ties should not be present for the one-sample Kolmogorov-Smirnov test
[2025-06-09 13:43:38] [R_WARNING] Cannot compute exact p-value with ties
[2025-06-09 13:43:38] [R_WARNING] ties should not be present for the one-sample Kolmogorov-Smirnov test
[2025-06-09 13:43:38] [R_WARNING] ties should not be present for the one-sample Kolmogorov-Smirnov test
[2025-06-09 13:43:38] [R_WARNING] Cannot compute exact p-value with ties
[2025-06-09 13:43:38] [R_WARNING] ties should not be present for the one-sample Kolmogorov-Smirnov test
[2025-06-09 13:43:38] [R_WARNING] ties should not be present for the one-sample Kolmogorov-Smirnov test
[2025-06-09 13:43:38] [R_WARNING] ties should not be present for the one-sample Kolmogorov-Smirnov test
[2025-06-09 13:43:38] [R_WARNING] ties should not be present for the one-sample Kolmogorov-Smirnov test
[2025-06-09 13:43:38] [R_WARNING] ties should not be present for the one-sample Kolmogorov-Smirnov test
[2025-06-09 13:43:38] [R_WARNING] ties should not be present for the one-sample Kolmogorov-Smirnov test
[2025-06-09 13:43:38] [R_WARNING] ties should not be present for the one-sample Kolmogorov-Smirnov test
[2025-06-09 13:43:38] [R_WARNING] ties should not be present for the one-sample Kolmogorov-Smirnov test
[2025-06-09 13:43:38] [R_WARNING] ties should not be present for the one-sample Kolmogorov-Smirnov test
[2025-06-09 13:43:38] [R_WARNING] ties should not be present for the one-sample Kolmogorov-Smirnov test
[2025-06-09 13:43:38] [R_WARNING] ties should not be present for the one-sample Kolmogorov-Smirnov test
[2025-06-09 13:43:38] [R_WARNING] ties should not be present for the one-sample Kolmogorov-Smirnov test
[2025-06-09 13:43:38] [R_WARNING] ties should not be present for the one-sample Kolmogorov-Smirnov test
[2025-06-09 13:43:38] [R_WARNING] ties should not be present for the one-sample Kolmogorov-Smirnov test
[2025-06-09 13:43:38] [R_WARNING] ties should not be present for the one-sample Kolmogorov-Smirnov test
[2025-06-09 13:43:38] [R_WARNING] ties should not be present for the one-sample Kolmogorov-Smirnov test
[2025-06-09 13:43:38] [R_WARNING] ties should not be present for the one-sample Kolmogorov-Smirnov test
[2025-06-09 13:43:38] [R_WARNING] ties should not be present for the one-sample Kolmogorov-Smirnov test
[2025-06-09 13:43:38] [R_WARNING] ties should not be present for the one-sample Kolmogorov-Smirnov test
[2025-06-09 13:43:38] [R_WARNING] ties should not be present for the one-sample Kolmogorov-Smirnov test
[2025-06-09 13:43:38] [R_WARNING] ties should not be present for the one-sample Kolmogorov-Smirnov test
[2025-06-09 13:43:38] [R_WARNING] ties should not be present for the one-sample Kolmogorov-Smirnov test
[2025-06-09 13:43:38] [R_WARNING] ties should not be present for the one-sample Kolmogorov-Smirnov test
[2025-06-09 13:43:38] [R_WARNING] ties should not be present for the one-sample Kolmogorov-Smirnov test
[2025-06-09 13:43:38] [R_WARNING] ties should not be present for the one-sample Kolmogorov-Smirnov test
[2025-06-09 13:43:38] [R_WARNING] ties should not be present for the one-sample Kolmogorov-Smirnov test
[2025-06-09 13:43:38] [R_WARNING] ties should not be present for the one-sample Kolmogorov-Smirnov test
[2025-06-09 13:43:38] [R_WARNING] ties should not be present for the one-sample Kolmogorov-Smirnov test
[2025-06-09 13:43:38] [R_WARNING] ties should not be present for the one-sample Kolmogorov-Smirnov test
[2025-06-09 13:43:38] [R_WARNING] ties should not be present for the one-sample Kolmogorov-Smirnov test
[2025-06-09 13:43:38] [R_WARNING] ties should not be present for the one-sample Kolmogorov-Smirnov test
[2025-06-09 13:43:38] [R_WARNING] ties should not be present for the one-sample Kolmogorov-Smirnov test
[2025-06-09 13:43:38] [R_WARNING] ties should not be present for the one-sample Kolmogorov-Smirnov test
[2025-06-09 13:43:38] [R_WARNING] ties should not be present for the one-sample Kolmogorov-Smirnov test
[2025-06-09 13:43:38] [R_WARNING] ties should not be present for the one-sample Kolmogorov-Smirnov test
[2025-06-09 13:43:38] [R_WARNING] ties should not be present for the one-sample Kolmogorov-Smirnov test
[2025-06-09 13:43:38] [R_WARNING] ties should not be present for the one-sample Kolmogorov-Smirnov test
[2025-06-09 13:43:38] [R_WARNING] ties should not be present for the one-sample Kolmogorov-Smirnov test
[2025-06-09 13:43:38] [R_WARNING] ties should not be present for the one-sample Kolmogorov-Smirnov test
[2025-06-09 13:43:38] [R_WARNING] ties should not be present for the one-sample Kolmogorov-Smirnov test
[2025-06-09 13:43:38] [R_WARNING] ties should not be present for the one-sample Kolmogorov-Smirnov test
[2025-06-09 13:43:38] [R_WARNING] ties should not be present for the one-sample Kolmogorov-Smirnov test
[2025-06-09 13:43:38] [R_WARNING] Cannot compute exact p-value with ties
[2025-06-09 13:43:38] [R_WARNING] Cannot compute exact p-value with ties
[2025-06-09 13:43:38] [R_WARNING] Cannot compute exact p-value with ties
[2025-06-09 13:43:38] [R_WARNING] Cannot compute exact p-value with ties
[2025-06-09 13:43:38] [R_WARNING] Cannot compute exact p-value with ties
[2025-06-09 13:43:38] [R_WARNING] Cannot compute exact p-value with ties
[2025-06-09 13:43:38] [R_WARNING] Cannot compute exact p-value with ties
[2025-06-09 13:43:38] [R_WARNING] Cannot compute exact p-value with ties
[2025-06-09 13:43:38] [R_WARNING] Cannot compute exact p-value with ties
[2025-06-09 13:43:38] [R_WARNING] Cannot compute exact p-value with ties
[2025-06-09 13:43:38] [R_WARNING] Cannot compute exact p-value with ties
[2025-06-09 13:43:38] [R_WARNING] Cannot compute exact p-value with ties
[2025-06-09 13:43:38] [R_WARNING] Cannot compute exact p-value with ties
[2025-06-09 13:43:38] [R_WARNING] Cannot compute exact p-value with ties
[2025-06-09 13:43:38] [R_WARNING] Cannot compute exact p-value with ties
[2025-06-09 13:43:38] [R_WARNING] Cannot compute exact p-value with ties
[2025-06-09 13:43:38] [R_WARNING] Cannot compute exact p-value with ties
[2025-06-09 13:43:38] [R_WARNING] Cannot compute exact p-value with ties
[2025-06-09 13:43:38] [R_WARNING] Cannot compute exact p-value with ties
[2025-06-09 13:43:38] [R_WARNING] Cannot compute exact p-value with ties
[2025-06-09 13:43:38] [R_WARNING] Cannot compute exact p-value with ties
[2025-06-09 13:43:38] [R_WARNING] Cannot compute exact p-value with ties
[2025-06-09 13:43:38] [R_WARNING] Cannot compute exact p-value with ties
[2025-06-09 13:43:38] [R_WARNING] Cannot compute exact p-value with ties
[2025-06-09 13:43:38] [R_WARNING] Cannot compute exact p-value with ties
[2025-06-09 13:43:38] [R_WARNING] Cannot compute exact p-value with ties
[2025-06-09 13:43:38] [R_WARNING] Cannot compute exact p-value with ties
[2025-06-09 13:43:38] [R_WARNING] Cannot compute exact p-value with ties
[2025-06-09 13:43:38] [R_WARNING] Cannot compute exact p-value with ties
[2025-06-09 13:43:38] [R_WARNING] Cannot compute exact p-value with ties
[2025-06-09 13:43:38] [R_WARNING] Cannot compute exact p-value with ties
[2025-06-09 13:43:38] [R_WARNING] Cannot compute exact p-value with ties
[2025-06-09 13:43:38] [R_WARNING] Cannot compute exact p-value with ties
[2025-06-09 13:43:38] [R_WARNING] Cannot compute exact p-value with ties
[2025-06-09 13:43:38] [R_WARNING] Cannot compute exact p-value with ties
[2025-06-09 13:43:38] [R_WARNING] Cannot compute exact p-value with ties
[2025-06-09 13:43:38] [R_WARNING] Cannot compute exact p-value with ties
[2025-06-09 13:43:38] [R_WARNING] Cannot compute exact p-value with ties
[2025-06-09 13:43:38] [R_WARNING] Cannot compute exact p-value with ties
[2025-06-09 13:43:38] [R_WARNING] Cannot compute exact p-value with ties
[2025-06-09 13:43:38] [R_WARNING] Cannot compute exact p-value with ties
[2025-06-09 13:43:38] [R_WARNING] Cannot compute exact p-value with ties
[2025-06-09 13:43:42] [R_WARNING] The `panel.grid.y` theme element is not defined in the element hierarchy.
[2025-06-09 13:43:42] [R_WARNING] The `panel.grid.y` theme element is not defined in the element hierarchy.
[2025-06-09 13:43:46] [R_WARNING] Computation failed in `stat_signif()`.
Caused by error in `Summary.factor()`:
! 'min' not meaningful for factors
[2025-06-09 13:43:46] [R_WARNING] Computation failed in `stat_signif()`.
Caused by error in `Summary.factor()`:
! 'min' not meaningful for factors
[2025-06-09 13:43:47] [R_WARNING] Computation failed in `stat_signif()`.
Caused by error in `Summary.factor()`:
! 'min' not meaningful for factors
[2025-06-09 13:43:47] [R_WARNING] Computation failed in `stat_signif()`.
Caused by error in `Summary.factor()`:
! 'min' not meaningful for factors
[2025-06-09 13:43:48] [R_WARNING] Computation failed in `stat_signif()`.
Caused by error in `Summary.factor()`:
! 'min' not meaningful for factors
[2025-06-09 13:43:48] [R_WARNING] Computation failed in `stat_signif()`.
Caused by error in `Summary.factor()`:
! 'min' not meaningful for factors
[2025-06-09 13:44:05] [INFO] STEP: UNIFIED DASHBOARD COMPLETED - Dashboard generated with 4 successful analyses

================================================================================
SESSION SUMMARY WITH DEBUGGING INFORMATION
================================================================================
Session duration: 0.61 minutes
Total analysis steps: 4
Total custom warnings: 0
Total custom errors: 0
Total R warnings captured: 422
Total console output entries: 0
Session ended: 2025-06-09 13:44:05.943005

ANALYSIS STEPS COMPLETED:
  1. DATA LOADING (13:43:29)
  2. DATA PREPARATION COMPLETED (13:43:30)
  3. UNIFIED DASHBOARD (13:43:30)
  4. UNIFIED DASHBOARD COMPLETED (13:44:05)

R WARNINGS ENCOUNTERED (DEBUGGING INFO):
  338x: Cannot compute exact p-value with ties
  72x: ties should not be present for the one-sample Kolmogorov-Smirnov test
  6x: Computation failed in `stat_signif()`.
Caused by error in `Summary.factor()`:
! 'min' not meaningful for factors
  2x: The `panel.grid.y` theme element is not defined in the element hierarchy.
  2x: The dot-dot notation (`..density..`) was deprecated in ggplot2 3.4.0.
ℹ Please use `after_stat(density)` instead.
  2x: Using `size` aesthetic for lines was deprecated in ggplot2 3.4.0.
ℹ Please use `linewidth` instead.

DEBUGGING RECOMMENDATIONS:
  ⚠ High number of R warnings - investigate data quality

================================================================================
