================================================================================
R STATISTICAL ANALYSIS SESSION LOG - ENHANCED DEBUGGING MODE
Session started: 2025-06-07 17:48:10.569914
R Version: R version 4.4.3 (2025-02-28 ucrt)
Working directory: C:/Users/konrad_guest/Documents/RProject/sad-projekt
Command line args: 
Log level: INFO
================================================================================

[2025-06-07 17:48:10] [INFO] STEP: DATA LOADING - Loading data from: dane.csv
[2025-06-07 17:48:11] [INFO] STEP: DATA PREPARATION COMPLETED - Dataset loaded with 75 rows and 11 columns

================================================================================
ENHANCED SESSION SUMMARY WITH DEBUGGING INFORMATION
================================================================================
Session duration: 0.03 minutes
Total analysis steps: 2
Total custom warnings: 0
Total custom errors: 0
Total R warnings captured: 0
Total console output entries: 0
Session ended: 2025-06-07 17:48:12.076776

ANALYSIS STEPS COMPLETED:
  1. DATA LOADING (17:48:10)
  2. DATA PREPARATION COMPLETED (17:48:11)

DEBUGGING RECOMMENDATIONS:
  ✅ No R warnings - clean execution

================================================================================
