================================================================================
R STATISTICAL ANALYSIS SESSION LOG - ENHANCED DEBUGGING MODE
Session started: 2025-06-07 12:58:42.267232
R Version: R version 4.4.3 (2025-02-28 ucrt)
Working directory: C:/Users/konrad_guest/Documents/RProject/sad-projekt
Command line args: --correlation_analysis --input dane2.csv --export
Log level: INFO
================================================================================

[2025-06-07 12:58:42] [INFO] STEP: DATA LOADING - Loading data from: dane2.csv
[2025-06-07 12:58:43] [INFO] STEP: DATA PREPARATION COMPLETED - Dataset loaded with 80 rows and 10 columns
[2025-06-07 12:58:43] [INFO] STEP: CORRELATION ANALYSIS - Starting correlation analysis of variables

================================================================================
ENHANCED SESSION SUMMARY WITH DEBUGGING INFORMATION
================================================================================
Session duration: 0.02 minutes
Total analysis steps: 3
Total custom warnings: 0
Total custom errors: 0
Total R warnings captured: 0
Total console output entries: 0
Session ended: 2025-06-07 12:58:43.549979

ANALYSIS STEPS COMPLETED:
  1. DATA LOADING (12:58:42)
  2. DATA PREPARATION COMPLETED (12:58:43)
  3. CORRELATION ANALYSIS (12:58:43)

DEBUGGING RECOMMENDATIONS:
  ✅ No R warnings - clean execution

================================================================================
