================================================================================
R STATISTICAL ANALYSIS SESSION LOG
Session started: 2025-06-09 13:29:41.855945
R Version: R version 4.4.3 (2025-02-28 ucrt)
Working directory: C:/Users/konrad_guest/Documents/RProject/sad-projekt
Command line args: --input dane2.csv --descriptive_stats --export
Log level: INFO
================================================================================

[2025-06-09 13:29:41] [INFO] STEP: DATA LOADING - Loading data from: dane2.csv
[2025-06-09 13:29:43] [INFO] STEP: DATA PREPARATION COMPLETED - Dataset loaded with 80 rows and 10 columns
[2025-06-09 13:29:43] [INFO] STEP: DESCRIPTIVE STATISTICS - Starting descriptive statistics generation
[2025-06-09 13:29:44] [R_WARNING] [1m[22mUsing `size` aesthetic for lines was deprecated in ggplot2 3.4.0.
[36mℹ[39m Please use `linewidth` instead.
[2025-06-09 13:29:44] [R_WARNING] [1m[22mUsing `size` aesthetic for lines was deprecated in ggplot2 3.4.0.
[36mℹ[39m Please use `linewidth` instead.
[2025-06-09 13:29:44] [R_WARNING] [1m[22mThe dot-dot notation (`..density..`) was deprecated in ggplot2 3.4.0.
[36mℹ[39m Please use `after_stat(density)` instead.
[2025-06-09 13:29:44] [R_WARNING] [1m[22mThe dot-dot notation (`..density..`) was deprecated in ggplot2 3.4.0.
[36mℹ[39m Please use `after_stat(density)` instead.
[2025-06-09 13:29:49] [INFO] STEP: DESCRIPTIVE STATISTICS COMPLETED - Descriptive statistics successfully generated
[2025-06-09 13:29:49] [INFO] STEP: CSV EXPORT - Starting CSV export of analysis results
[2025-06-09 13:29:50] [INFO] STEP: CSV EXPORT COMPLETED - Exported 3 CSV files to output/tables/

================================================================================
SESSION SUMMARY WITH DEBUGGING INFORMATION
================================================================================
Session duration: 0.14 minutes
Total analysis steps: 6
Total custom warnings: 0
Total custom errors: 0
Total R warnings captured: 4
Total console output entries: 0
Session ended: 2025-06-09 13:29:50.51381

ANALYSIS STEPS COMPLETED:
  1. DATA LOADING (13:29:41)
  2. DATA PREPARATION COMPLETED (13:29:43)
  3. DESCRIPTIVE STATISTICS (13:29:43)
  4. DESCRIPTIVE STATISTICS COMPLETED (13:29:49)
  5. CSV EXPORT (13:29:49)
  6. CSV EXPORT COMPLETED (13:29:50)

R WARNINGS ENCOUNTERED (DEBUGGING INFO):
  2x: [1m[22mThe dot-dot notation (`..density..`) was deprecated in ggplot2 3.4.0.
[36mℹ[39m Please use `after_stat(density)` instead.
  2x: [1m[22mUsing `size` aesthetic for lines was deprecated in ggplot2 3.4.0.
[36mℹ[39m Please use `linewidth` instead.

DEBUGGING RECOMMENDATIONS:

================================================================================
