================================================================================
R STATISTICAL ANALYSIS SESSION LOG
Session started: 2025-06-09 13:15:57.387804
R Version: R version 4.4.3 (2025-02-28 ucrt)
Working directory: C:/Users/konrad_guest/Documents/RProject/sad-projekt
Command line args: --comparative_analysis --report
Log level: INFO
================================================================================

[2025-06-09 13:15:57] [INFO] STEP: DATA LOADING - Loading data from: dane.csv
[2025-06-09 13:15:59] [INFO] STEP: DATA PREPARATION COMPLETED - Dataset loaded with 75 rows and 11 columns
[2025-06-09 13:15:59] [INFO] STEP: COMPARATIVE ANALYSIS - Starting comparative analysis between groups
[2025-06-09 13:16:02] [R_WARNING] [1m[22mComputation failed in `stat_signif()`.
Caused by error in `Summary.factor()`:
[33m![39m 'min' not meaningful for factors
[2025-06-09 13:16:02] [R_WARNING] [1m[22mComputation failed in `stat_signif()`.
Caused by error in `Summary.factor()`:
[33m![39m 'min' not meaningful for factors
[2025-06-09 13:16:03] [R_WARNING] [1m[22mComputation failed in `stat_signif()`.
Caused by error in `Summary.factor()`:
[33m![39m 'min' not meaningful for factors
[2025-06-09 13:16:04] [R_WARNING] [1m[22mComputation failed in `stat_signif()`.
Caused by error in `Summary.factor()`:
[33m![39m 'min' not meaningful for factors
[2025-06-09 13:16:04] [R_WARNING] [1m[22mComputation failed in `stat_signif()`.
Caused by error in `Summary.factor()`:
[33m![39m 'min' not meaningful for factors
[2025-06-09 13:16:05] [R_WARNING] [1m[22mComputation failed in `stat_signif()`.
Caused by error in `Summary.factor()`:
[33m![39m 'min' not meaningful for factors
[2025-06-09 13:16:05] [R_WARNING] [1m[22mUsing `size` aesthetic for lines was deprecated in ggplot2 3.4.0.
[36mℹ[39m Please use `linewidth` instead.
[2025-06-09 13:16:05] [R_WARNING] [1m[22mUsing `size` aesthetic for lines was deprecated in ggplot2 3.4.0.
[36mℹ[39m Please use `linewidth` instead.
[2025-06-09 13:16:16] [INFO] STEP: COMPARATIVE ANALYSIS COMPLETED - Group comparisons successfully completed
[2025-06-09 13:16:16] [INFO] STEP: HTML REPORT GENERATION - Starting HTML report generation
[2025-06-09 13:16:17] [INFO] STEP: HTML REPORT COMPLETED - Report saved to: comparative_analysis_report_20250609_131617.html

================================================================================
SESSION SUMMARY WITH DEBUGGING INFORMATION
================================================================================
Session duration: 0.34 minutes
Total analysis steps: 6
Total custom warnings: 0
Total custom errors: 0
Total R warnings captured: 8
Total console output entries: 0
Session ended: 2025-06-09 13:16:17.740982

ANALYSIS STEPS COMPLETED:
  1. DATA LOADING (13:15:57)
  2. DATA PREPARATION COMPLETED (13:15:59)
  3. COMPARATIVE ANALYSIS (13:15:59)
  4. COMPARATIVE ANALYSIS COMPLETED (13:16:16)
  5. HTML REPORT GENERATION (13:16:16)
  6. HTML REPORT COMPLETED (13:16:17)

R WARNINGS ENCOUNTERED (DEBUGGING INFO):
  6x: [1m[22mComputation failed in `stat_signif()`.
Caused by error in `Summary.factor()`:
[33m![39m 'min' not meaningful for factors
  2x: [1m[22mUsing `size` aesthetic for lines was deprecated in ggplot2 3.4.0.
[36mℹ[39m Please use `linewidth` instead.

DEBUGGING RECOMMENDATIONS:

================================================================================
