================================================================================
R STATISTICAL ANALYSIS SESSION LOG - ENHANCED DEBUGGING MODE
Session started: 2025-06-07 17:15:28.414825
R Version: R version 4.4.3 (2025-02-28 ucrt)
Working directory: C:/Users/konrad_guest/Documents/RProject/sad-projekt
Command line args: --comparative_analysis --report
Log level: INFO
================================================================================

[2025-06-07 17:15:28] [INFO] STEP: DATA LOADING - Loading data from: dane.csv
[2025-06-07 17:15:29] [INFO] STEP: DATA PREPARATION COMPLETED - Dataset loaded with 75 rows and 11 columns
[2025-06-07 17:15:29] [INFO] STEP: COMPARATIVE ANALYSIS - Starting comparative analysis between groups

================================================================================
ENHANCED SESSION SUMMARY WITH DEBUGGING INFORMATION
================================================================================
Session duration: 0.03 minutes
Total analysis steps: 3
Total custom warnings: 0
Total custom errors: 0
Total R warnings captured: 0
Total console output entries: 0
Session ended: 2025-06-07 17:15:30.482739

ANALYSIS STEPS COMPLETED:
  1. DATA LOADING (17:15:28)
  2. DATA PREPARATION COMPLETED (17:15:29)
  3. COMPARATIVE ANALYSIS (17:15:29)

DEBUGGING RECOMMENDATIONS:
  ✅ No R warnings - clean execution

================================================================================
