================================================================================
R STATISTICAL ANALYSIS SESSION LOG - ENHANCED DEBUGGING MODE
Session started: 2025-06-07 18:59:50.820766
R Version: R version 4.4.3 (2025-02-28 ucrt)
Working directory: C:/Users/konrad_guest/Documents/RProject/sad-projekt
Command line args: --comparative_analysis --report
Log level: INFO
================================================================================

[2025-06-07 18:59:50] [INFO] STEP: DATA LOADING - Loading data from: dane.csv
[2025-06-07 18:59:51] [INFO] STEP: DATA PREPARATION COMPLETED - Dataset loaded with 75 rows and 11 columns
[2025-06-07 18:59:51] [INFO] STEP: COMPARATIVE ANALYSIS - Starting comparative analysis between groups
[2025-06-07 18:59:54] [R_WARNING] cannot compute exact p-value with ties
[2025-06-07 18:59:54] [R_WARNING] cannot compute exact p-value with ties
[2025-06-07 18:59:54] [R_WARNING] cannot compute exact p-value with ties
[2025-06-07 18:59:55] [R_WARNING] [1m[22mComputation failed in `stat_signif()`.
Caused by error in `Summary.factor()`:
[33m![39m 'min' not meaningful for factors
[2025-06-07 18:59:55] [R_WARNING] [1m[22mComputation failed in `stat_signif()`.
Caused by error in `Summary.factor()`:
[33m![39m 'min' not meaningful for factors
[2025-06-07 18:59:56] [R_WARNING] [1m[22mComputation failed in `stat_signif()`.
Caused by error in `Summary.factor()`:
[33m![39m 'min' not meaningful for factors
[2025-06-07 18:59:56] [R_WARNING] [1m[22mComputation failed in `stat_signif()`.
Caused by error in `Summary.factor()`:
[33m![39m 'min' not meaningful for factors
[2025-06-07 18:59:57] [R_WARNING] [1m[22mComputation failed in `stat_signif()`.
Caused by error in `Summary.factor()`:
[33m![39m 'min' not meaningful for factors
[2025-06-07 18:59:58] [R_WARNING] [1m[22mComputation failed in `stat_signif()`.
Caused by error in `Summary.factor()`:
[33m![39m 'min' not meaningful for factors
[2025-06-07 18:59:58] [R_WARNING] [1m[22mUsing `size` aesthetic for lines was deprecated in ggplot2 3.4.0.
[36mℹ[39m Please use `linewidth` instead.
[2025-06-07 18:59:58] [R_WARNING] [1m[22mUsing `size` aesthetic for lines was deprecated in ggplot2 3.4.0.
[36mℹ[39m Please use `linewidth` instead.
[2025-06-07 19:00:05] [R_WARNING] [1m[22mRemoved 2 rows containing non-finite outside the scale range (`stat_smooth()`).
[2025-06-07 19:00:05] [R_WARNING] [1m[22mRemoved 2 rows containing non-finite outside the scale range (`stat_cor()`).
[2025-06-07 19:00:05] [R_WARNING] [1m[22mRemoved 2 rows containing missing values or values outside the scale range (`geom_point()`).
[2025-06-07 19:00:08] [INFO] STEP: COMPARATIVE ANALYSIS COMPLETED - Group comparisons successfully completed
[2025-06-07 19:00:08] [INFO] STEP: HTML REPORT GENERATION - Starting HTML report generation
[2025-06-07 19:00:08] [INFO] STEP: HTML REPORT COMPLETED - Report saved to: comparative_analysis_report_20250607_190008.html

================================================================================
ENHANCED SESSION SUMMARY WITH DEBUGGING INFORMATION
================================================================================
Session duration: 0.3 minutes
Total analysis steps: 6
Total custom warnings: 0
Total custom errors: 0
Total R warnings captured: 14
Total console output entries: 0
Session ended: 2025-06-07 19:00:08.624392

ANALYSIS STEPS COMPLETED:
  1. DATA LOADING (18:59:50)
  2. DATA PREPARATION COMPLETED (18:59:51)
  3. COMPARATIVE ANALYSIS (18:59:51)
  4. COMPARATIVE ANALYSIS COMPLETED (19:00:08)
  5. HTML REPORT GENERATION (19:00:08)
  6. HTML REPORT COMPLETED (19:00:08)

R WARNINGS ENCOUNTERED (DEBUGGING INFO):
  6x: [1m[22mComputation failed in `stat_signif()`.
Caused by error in `Summary.factor()`:
[33m![39m 'min' not meaningful for factors
  3x: cannot compute exact p-value with ties
  2x: [1m[22mUsing `size` aesthetic for lines was deprecated in ggplot2 3.4.0.
[36mℹ[39m Please use `linewidth` instead.
  1x: [1m[22mRemoved 2 rows containing missing values or values outside the scale range (`geom_point()`).
  1x: [1m[22mRemoved 2 rows containing non-finite outside the scale range (`stat_cor()`).
  1x: [1m[22mRemoved 2 rows containing non-finite outside the scale range (`stat_smooth()`).

DEBUGGING RECOMMENDATIONS:

================================================================================
