================================================================================
R STATISTICAL ANALYSIS SESSION LOG
Session started: 2025-06-13 20:07:19.854132
R Version: R version 4.4.3 (2025-02-28 ucrt)
Working directory: C:/Users/konrad_guest/Documents/RProject/sad-projekt
Command line args: --unified_dashboard
Log level: INFO
================================================================================

[2025-06-13 20:07:19] [INFO] STEP: DATA LOADING - Loading data from: dane.csv
[2025-06-13 20:07:21] [INFO] STEP: DATA PREPARATION COMPLETED - Dataset loaded with 75 rows and 11 columns
[2025-06-13 20:07:21] [INFO] STEP: UNIFIED DASHBOARD - Starting unified dashboard generation with all analyses
[2025-06-13 20:07:22] [R_WARNING] Using `size` aesthetic for lines was deprecated in ggplot2 3.4.0.
ℹ Please use `linewidth` instead.
[2025-06-13 20:07:22] [R_WARNING] Using `size` aesthetic for lines was deprecated in ggplot2 3.4.0.
ℹ Please use `linewidth` instead.
[2025-06-13 20:07:22] [R_WARNING] The dot-dot notation (`..density..`) was deprecated in ggplot2 3.4.0.
ℹ Please use `after_stat(density)` instead.
[2025-06-13 20:07:22] [R_WARNING] The dot-dot notation (`..density..`) was deprecated in ggplot2 3.4.0.
ℹ Please use `after_stat(density)` instead.
[2025-06-13 20:07:28] [R_WARNING] Cannot compute exact p-value with ties
[2025-06-13 20:07:28] [R_WARNING] Cannot compute exact p-value with ties
[2025-06-13 20:07:28] [R_WARNING] Cannot compute exact p-value with ties
[2025-06-13 20:07:28] [R_WARNING] Cannot compute exact p-value with ties
[2025-06-13 20:07:28] [R_WARNING] Cannot compute exact p-value with ties
[2025-06-13 20:07:28] [R_WARNING] Cannot compute exact p-value with ties
[2025-06-13 20:07:28] [R_WARNING] Cannot compute exact p-value with ties
[2025-06-13 20:07:28] [R_WARNING] Cannot compute exact p-value with ties
[2025-06-13 20:07:28] [R_WARNING] Cannot compute exact p-value with ties
[2025-06-13 20:07:28] [R_WARNING] Cannot compute exact p-value with ties
[2025-06-13 20:07:28] [R_WARNING] Cannot compute exact p-value with ties
[2025-06-13 20:07:28] [R_WARNING] Cannot compute exact p-value with ties
[2025-06-13 20:07:28] [R_WARNING] Cannot compute exact p-value with ties
[2025-06-13 20:07:28] [R_WARNING] Cannot compute exact p-value with ties
[2025-06-13 20:07:28] [R_WARNING] Cannot compute exact p-value with ties
[2025-06-13 20:07:28] [R_WARNING] Cannot compute exact p-value with ties
[2025-06-13 20:07:28] [R_WARNING] Cannot compute exact p-value with ties
[2025-06-13 20:07:28] [R_WARNING] Cannot compute exact p-value with ties
[2025-06-13 20:07:28] [R_WARNING] Cannot compute exact p-value with ties
[2025-06-13 20:07:28] [R_WARNING] Cannot compute exact p-value with ties
[2025-06-13 20:07:28] [R_WARNING] Cannot compute exact p-value with ties
[2025-06-13 20:07:28] [R_WARNING] Cannot compute exact p-value with ties
[2025-06-13 20:07:28] [R_WARNING] Cannot compute exact p-value with ties
[2025-06-13 20:07:28] [R_WARNING] Cannot compute exact p-value with ties
[2025-06-13 20:07:28] [R_WARNING] Cannot compute exact p-value with ties
[2025-06-13 20:07:28] [R_WARNING] Cannot compute exact p-value with ties
[2025-06-13 20:07:28] [R_WARNING] Cannot compute exact p-value with ties
[2025-06-13 20:07:28] [R_WARNING] Cannot compute exact p-value with ties
[2025-06-13 20:07:28] [R_WARNING] Cannot compute exact p-value with ties
[2025-06-13 20:07:28] [R_WARNING] Cannot compute exact p-value with ties
[2025-06-13 20:07:28] [R_WARNING] Cannot compute exact p-value with ties
[2025-06-13 20:07:28] [R_WARNING] Cannot compute exact p-value with ties
[2025-06-13 20:07:28] [R_WARNING] Cannot compute exact p-value with ties
[2025-06-13 20:07:28] [R_WARNING] Cannot compute exact p-value with ties
[2025-06-13 20:07:28] [R_WARNING] Cannot compute exact p-value with ties
[2025-06-13 20:07:28] [R_WARNING] Cannot compute exact p-value with ties
[2025-06-13 20:07:28] [R_WARNING] Cannot compute exact p-value with ties
[2025-06-13 20:07:28] [R_WARNING] Cannot compute exact p-value with ties
[2025-06-13 20:07:28] [R_WARNING] Cannot compute exact p-value with ties
[2025-06-13 20:07:28] [R_WARNING] Cannot compute exact p-value with ties
[2025-06-13 20:07:28] [R_WARNING] Cannot compute exact p-value with ties
[2025-06-13 20:07:28] [R_WARNING] Cannot compute exact p-value with ties
[2025-06-13 20:07:28] [R_WARNING] Cannot compute exact p-value with ties
[2025-06-13 20:07:28] [R_WARNING] Cannot compute exact p-value with ties
[2025-06-13 20:07:28] [R_WARNING] Cannot compute exact p-value with ties
[2025-06-13 20:07:28] [R_WARNING] Cannot compute exact p-value with ties
[2025-06-13 20:07:28] [R_WARNING] Cannot compute exact p-value with ties
[2025-06-13 20:07:28] [R_WARNING] Cannot compute exact p-value with ties
[2025-06-13 20:07:28] [R_WARNING] Cannot compute exact p-value with ties
[2025-06-13 20:07:28] [R_WARNING] Cannot compute exact p-value with ties
[2025-06-13 20:07:28] [R_WARNING] Cannot compute exact p-value with ties
[2025-06-13 20:07:28] [R_WARNING] Cannot compute exact p-value with ties
[2025-06-13 20:07:28] [R_WARNING] Cannot compute exact p-value with ties
[2025-06-13 20:07:28] [R_WARNING] Cannot compute exact p-value with ties
[2025-06-13 20:07:28] [R_WARNING] Cannot compute exact p-value with ties
[2025-06-13 20:07:28] [R_WARNING] Cannot compute exact p-value with ties
[2025-06-13 20:07:28] [R_WARNING] Cannot compute exact p-value with ties
[2025-06-13 20:07:28] [R_WARNING] Cannot compute exact p-value with ties
[2025-06-13 20:07:28] [R_WARNING] Cannot compute exact p-value with ties
[2025-06-13 20:07:28] [R_WARNING] Cannot compute exact p-value with ties
[2025-06-13 20:07:28] [R_WARNING] Cannot compute exact p-value with ties
[2025-06-13 20:07:28] [R_WARNING] Cannot compute exact p-value with ties
[2025-06-13 20:07:28] [R_WARNING] Cannot compute exact p-value with ties
[2025-06-13 20:07:28] [R_WARNING] Cannot compute exact p-value with ties
[2025-06-13 20:07:28] [R_WARNING] Cannot compute exact p-value with ties
[2025-06-13 20:07:28] [R_WARNING] Cannot compute exact p-value with ties
[2025-06-13 20:07:28] [R_WARNING] Cannot compute exact p-value with ties
[2025-06-13 20:07:28] [R_WARNING] Cannot compute exact p-value with ties
[2025-06-13 20:07:28] [R_WARNING] Cannot compute exact p-value with ties
[2025-06-13 20:07:28] [R_WARNING] Cannot compute exact p-value with ties
[2025-06-13 20:07:28] [R_WARNING] Cannot compute exact p-value with ties
[2025-06-13 20:07:28] [R_WARNING] Cannot compute exact p-value with ties
[2025-06-13 20:07:28] [R_WARNING] Cannot compute exact p-value with ties
[2025-06-13 20:07:28] [R_WARNING] Cannot compute exact p-value with ties
[2025-06-13 20:07:28] [R_WARNING] Cannot compute exact p-value with ties
[2025-06-13 20:07:28] [R_WARNING] Cannot compute exact p-value with ties
[2025-06-13 20:07:28] [R_WARNING] Cannot compute exact p-value with ties
[2025-06-13 20:07:28] [R_WARNING] Cannot compute exact p-value with ties
[2025-06-13 20:07:28] [R_WARNING] Cannot compute exact p-value with ties
[2025-06-13 20:07:28] [R_WARNING] Cannot compute exact p-value with ties
[2025-06-13 20:07:28] [R_WARNING] Cannot compute exact p-value with ties
[2025-06-13 20:07:28] [R_WARNING] Cannot compute exact p-value with ties
[2025-06-13 20:07:28] [R_WARNING] Cannot compute exact p-value with ties
[2025-06-13 20:07:28] [R_WARNING] Cannot compute exact p-value with ties
[2025-06-13 20:07:28] [R_WARNING] Cannot compute exact p-value with ties
[2025-06-13 20:07:28] [R_WARNING] Cannot compute exact p-value with ties
[2025-06-13 20:07:28] [R_WARNING] Cannot compute exact p-value with ties
[2025-06-13 20:07:28] [R_WARNING] Cannot compute exact p-value with ties
[2025-06-13 20:07:28] [R_WARNING] Cannot compute exact p-value with ties
[2025-06-13 20:07:28] [R_WARNING] Cannot compute exact p-value with ties
[2025-06-13 20:07:28] [R_WARNING] Cannot compute exact p-value with ties
[2025-06-13 20:07:28] [R_WARNING] Cannot compute exact p-value with ties
[2025-06-13 20:07:28] [R_WARNING] Cannot compute exact p-value with ties
[2025-06-13 20:07:28] [R_WARNING] Cannot compute exact p-value with ties
[2025-06-13 20:07:28] [R_WARNING] Cannot compute exact p-value with ties
[2025-06-13 20:07:28] [R_WARNING] Cannot compute exact p-value with ties
[2025-06-13 20:07:28] [R_WARNING] Cannot compute exact p-value with ties
[2025-06-13 20:07:28] [R_WARNING] Cannot compute exact p-value with ties
[2025-06-13 20:07:28] [R_WARNING] Cannot compute exact p-value with ties
[2025-06-13 20:07:28] [R_WARNING] Cannot compute exact p-value with ties
[2025-06-13 20:07:28] [R_WARNING] Cannot compute exact p-value with ties
[2025-06-13 20:07:28] [R_WARNING] Cannot compute exact p-value with ties
[2025-06-13 20:07:28] [R_WARNING] Cannot compute exact p-value with ties
[2025-06-13 20:07:28] [R_WARNING] Cannot compute exact p-value with ties
[2025-06-13 20:07:28] [R_WARNING] Cannot compute exact p-value with ties
[2025-06-13 20:07:28] [R_WARNING] Cannot compute exact p-value with ties
[2025-06-13 20:07:28] [R_WARNING] Cannot compute exact p-value with ties
[2025-06-13 20:07:28] [R_WARNING] Cannot compute exact p-value with ties
[2025-06-13 20:07:28] [R_WARNING] Cannot compute exact p-value with ties
[2025-06-13 20:07:28] [R_WARNING] Cannot compute exact p-value with ties
[2025-06-13 20:07:28] [R_WARNING] Cannot compute exact p-value with ties
[2025-06-13 20:07:28] [R_WARNING] Cannot compute exact p-value with ties
[2025-06-13 20:07:28] [R_WARNING] Cannot compute exact p-value with ties
[2025-06-13 20:07:28] [R_WARNING] Cannot compute exact p-value with ties
[2025-06-13 20:07:28] [R_WARNING] Cannot compute exact p-value with ties
[2025-06-13 20:07:28] [R_WARNING] Cannot compute exact p-value with ties
[2025-06-13 20:07:28] [R_WARNING] Cannot compute exact p-value with ties
[2025-06-13 20:07:28] [R_WARNING] Cannot compute exact p-value with ties
[2025-06-13 20:07:28] [R_WARNING] Cannot compute exact p-value with ties
[2025-06-13 20:07:28] [R_WARNING] Cannot compute exact p-value with ties
[2025-06-13 20:07:28] [R_WARNING] Cannot compute exact p-value with ties
[2025-06-13 20:07:28] [R_WARNING] Cannot compute exact p-value with ties
[2025-06-13 20:07:28] [R_WARNING] Cannot compute exact p-value with ties
[2025-06-13 20:07:28] [R_WARNING] Cannot compute exact p-value with ties
[2025-06-13 20:07:28] [R_WARNING] Cannot compute exact p-value with ties
[2025-06-13 20:07:28] [R_WARNING] Cannot compute exact p-value with ties
[2025-06-13 20:07:28] [R_WARNING] Cannot compute exact p-value with ties
[2025-06-13 20:07:28] [R_WARNING] Cannot compute exact p-value with ties
[2025-06-13 20:07:28] [R_WARNING] Cannot compute exact p-value with ties
[2025-06-13 20:07:28] [R_WARNING] Cannot compute exact p-value with ties
[2025-06-13 20:07:28] [R_WARNING] Cannot compute exact p-value with ties
[2025-06-13 20:07:28] [R_WARNING] Cannot compute exact p-value with ties
[2025-06-13 20:07:28] [R_WARNING] Cannot compute exact p-value with ties
[2025-06-13 20:07:28] [R_WARNING] Cannot compute exact p-value with ties
[2025-06-13 20:07:28] [R_WARNING] Cannot compute exact p-value with ties
[2025-06-13 20:07:28] [R_WARNING] Cannot compute exact p-value with ties
[2025-06-13 20:07:28] [R_WARNING] Cannot compute exact p-value with ties
[2025-06-13 20:07:28] [R_WARNING] Cannot compute exact p-value with ties
[2025-06-13 20:07:28] [R_WARNING] Cannot compute exact p-value with ties
[2025-06-13 20:07:28] [R_WARNING] Cannot compute exact p-value with ties
[2025-06-13 20:07:28] [R_WARNING] Cannot compute exact p-value with ties
[2025-06-13 20:07:28] [R_WARNING] Cannot compute exact p-value with ties
[2025-06-13 20:07:28] [R_WARNING] Cannot compute exact p-value with ties
[2025-06-13 20:07:28] [R_WARNING] Cannot compute exact p-value with ties
[2025-06-13 20:07:28] [R_WARNING] Cannot compute exact p-value with ties
[2025-06-13 20:07:28] [R_WARNING] Cannot compute exact p-value with ties
[2025-06-13 20:07:28] [R_WARNING] Cannot compute exact p-value with ties
[2025-06-13 20:07:28] [R_WARNING] Cannot compute exact p-value with ties
[2025-06-13 20:07:28] [R_WARNING] Cannot compute exact p-value with ties
[2025-06-13 20:07:28] [R_WARNING] Cannot compute exact p-value with ties
[2025-06-13 20:07:28] [R_WARNING] Cannot compute exact p-value with ties
[2025-06-13 20:07:28] [R_WARNING] Cannot compute exact p-value with ties
[2025-06-13 20:07:28] [R_WARNING] Cannot compute exact p-value with ties
[2025-06-13 20:07:28] [R_WARNING] Cannot compute exact p-value with ties
[2025-06-13 20:07:28] [R_WARNING] Cannot compute exact p-value with ties
[2025-06-13 20:07:28] [R_WARNING] Cannot compute exact p-value with ties
[2025-06-13 20:07:28] [R_WARNING] Cannot compute exact p-value with ties
[2025-06-13 20:07:28] [R_WARNING] Cannot compute exact p-value with ties
[2025-06-13 20:07:28] [R_WARNING] Cannot compute exact p-value with ties
[2025-06-13 20:07:28] [R_WARNING] Cannot compute exact p-value with ties
[2025-06-13 20:07:28] [R_WARNING] Cannot compute exact p-value with ties
[2025-06-13 20:07:28] [R_WARNING] Cannot compute exact p-value with ties
[2025-06-13 20:07:28] [R_WARNING] Cannot compute exact p-value with ties
[2025-06-13 20:07:28] [R_WARNING] Cannot compute exact p-value with ties
[2025-06-13 20:07:28] [R_WARNING] Cannot compute exact p-value with ties
[2025-06-13 20:07:28] [R_WARNING] Cannot compute exact p-value with ties
[2025-06-13 20:07:28] [R_WARNING] Cannot compute exact p-value with ties
[2025-06-13 20:07:28] [R_WARNING] Cannot compute exact p-value with ties
[2025-06-13 20:07:28] [R_WARNING] Cannot compute exact p-value with ties
[2025-06-13 20:07:28] [R_WARNING] Cannot compute exact p-value with ties
[2025-06-13 20:07:28] [R_WARNING] Cannot compute exact p-value with ties
[2025-06-13 20:07:28] [R_WARNING] Cannot compute exact p-value with ties
[2025-06-13 20:07:28] [R_WARNING] Cannot compute exact p-value with ties
[2025-06-13 20:07:28] [R_WARNING] Cannot compute exact p-value with ties
[2025-06-13 20:07:28] [R_WARNING] Cannot compute exact p-value with ties
[2025-06-13 20:07:28] [R_WARNING] Cannot compute exact p-value with ties
[2025-06-13 20:07:28] [R_WARNING] Cannot compute exact p-value with ties
[2025-06-13 20:07:28] [R_WARNING] Cannot compute exact p-value with ties
[2025-06-13 20:07:28] [R_WARNING] Cannot compute exact p-value with ties
[2025-06-13 20:07:28] [R_WARNING] Cannot compute exact p-value with ties
[2025-06-13 20:07:28] [R_WARNING] Cannot compute exact p-value with ties
[2025-06-13 20:07:28] [R_WARNING] Cannot compute exact p-value with ties
[2025-06-13 20:07:28] [R_WARNING] Cannot compute exact p-value with ties
[2025-06-13 20:07:28] [R_WARNING] Cannot compute exact p-value with ties
[2025-06-13 20:07:28] [R_WARNING] Cannot compute exact p-value with ties
[2025-06-13 20:07:28] [R_WARNING] Cannot compute exact p-value with ties
[2025-06-13 20:07:28] [R_WARNING] Cannot compute exact p-value with ties
[2025-06-13 20:07:28] [R_WARNING] Cannot compute exact p-value with ties
[2025-06-13 20:07:28] [R_WARNING] Cannot compute exact p-value with ties
[2025-06-13 20:07:28] [R_WARNING] Cannot compute exact p-value with ties
[2025-06-13 20:07:28] [R_WARNING] Cannot compute exact p-value with ties
[2025-06-13 20:07:28] [R_WARNING] Cannot compute exact p-value with ties
[2025-06-13 20:07:28] [R_WARNING] Cannot compute exact p-value with ties
[2025-06-13 20:07:28] [R_WARNING] Cannot compute exact p-value with ties
[2025-06-13 20:07:28] [R_WARNING] Cannot compute exact p-value with ties
[2025-06-13 20:07:28] [R_WARNING] Cannot compute exact p-value with ties
[2025-06-13 20:07:28] [R_WARNING] Cannot compute exact p-value with ties
[2025-06-13 20:07:28] [R_WARNING] Cannot compute exact p-value with ties
[2025-06-13 20:07:28] [R_WARNING] Cannot compute exact p-value with ties
[2025-06-13 20:07:28] [R_WARNING] Cannot compute exact p-value with ties
[2025-06-13 20:07:28] [R_WARNING] Cannot compute exact p-value with ties
[2025-06-13 20:07:28] [R_WARNING] Cannot compute exact p-value with ties
[2025-06-13 20:07:28] [R_WARNING] Cannot compute exact p-value with ties
[2025-06-13 20:07:28] [R_WARNING] Cannot compute exact p-value with ties
[2025-06-13 20:07:28] [R_WARNING] Cannot compute exact p-value with ties
[2025-06-13 20:07:28] [R_WARNING] Cannot compute exact p-value with ties
[2025-06-13 20:07:28] [R_WARNING] Cannot compute exact p-value with ties
[2025-06-13 20:07:28] [R_WARNING] Cannot compute exact p-value with ties
[2025-06-13 20:07:28] [R_WARNING] Cannot compute exact p-value with ties
[2025-06-13 20:07:28] [R_WARNING] Cannot compute exact p-value with ties
[2025-06-13 20:07:28] [R_WARNING] Cannot compute exact p-value with ties
[2025-06-13 20:07:28] [R_WARNING] Cannot compute exact p-value with ties
[2025-06-13 20:07:28] [R_WARNING] Cannot compute exact p-value with ties
[2025-06-13 20:07:28] [R_WARNING] Cannot compute exact p-value with ties
[2025-06-13 20:07:28] [R_WARNING] Cannot compute exact p-value with ties
[2025-06-13 20:07:28] [R_WARNING] Cannot compute exact p-value with ties
[2025-06-13 20:07:28] [R_WARNING] Cannot compute exact p-value with ties
[2025-06-13 20:07:28] [R_WARNING] Cannot compute exact p-value with ties
[2025-06-13 20:07:28] [R_WARNING] Cannot compute exact p-value with ties
[2025-06-13 20:07:28] [R_WARNING] Cannot compute exact p-value with ties
[2025-06-13 20:07:28] [R_WARNING] Cannot compute exact p-value with ties
[2025-06-13 20:07:28] [R_WARNING] Cannot compute exact p-value with ties
[2025-06-13 20:07:28] [R_WARNING] Cannot compute exact p-value with ties
[2025-06-13 20:07:28] [R_WARNING] Cannot compute exact p-value with ties
[2025-06-13 20:07:28] [R_WARNING] Cannot compute exact p-value with ties
[2025-06-13 20:07:28] [R_WARNING] Cannot compute exact p-value with ties
[2025-06-13 20:07:28] [R_WARNING] Cannot compute exact p-value with ties
[2025-06-13 20:07:28] [R_WARNING] Cannot compute exact p-value with ties
[2025-06-13 20:07:28] [R_WARNING] Cannot compute exact p-value with ties
[2025-06-13 20:07:28] [R_WARNING] Cannot compute exact p-value with ties
[2025-06-13 20:07:28] [R_WARNING] Cannot compute exact p-value with ties
[2025-06-13 20:07:28] [R_WARNING] Cannot compute exact p-value with ties
[2025-06-13 20:07:28] [R_WARNING] Cannot compute exact p-value with ties
[2025-06-13 20:07:28] [R_WARNING] Cannot compute exact p-value with ties
[2025-06-13 20:07:28] [R_WARNING] Cannot compute exact p-value with ties
[2025-06-13 20:07:28] [R_WARNING] Cannot compute exact p-value with ties
[2025-06-13 20:07:28] [R_WARNING] Cannot compute exact p-value with ties
[2025-06-13 20:07:28] [R_WARNING] Cannot compute exact p-value with ties
[2025-06-13 20:07:28] [R_WARNING] Cannot compute exact p-value with ties
[2025-06-13 20:07:28] [R_WARNING] Cannot compute exact p-value with ties
[2025-06-13 20:07:28] [R_WARNING] Cannot compute exact p-value with ties
[2025-06-13 20:07:28] [R_WARNING] Cannot compute exact p-value with ties
[2025-06-13 20:07:28] [R_WARNING] Cannot compute exact p-value with ties
[2025-06-13 20:07:28] [R_WARNING] Cannot compute exact p-value with ties
[2025-06-13 20:07:28] [R_WARNING] Cannot compute exact p-value with ties
[2025-06-13 20:07:28] [R_WARNING] Cannot compute exact p-value with ties
[2025-06-13 20:07:28] [R_WARNING] Cannot compute exact p-value with ties
[2025-06-13 20:07:28] [R_WARNING] Cannot compute exact p-value with ties
[2025-06-13 20:07:28] [R_WARNING] Cannot compute exact p-value with ties
[2025-06-13 20:07:28] [R_WARNING] Cannot compute exact p-value with ties
[2025-06-13 20:07:28] [R_WARNING] Cannot compute exact p-value with ties
[2025-06-13 20:07:28] [R_WARNING] Cannot compute exact p-value with ties
[2025-06-13 20:07:28] [R_WARNING] Cannot compute exact p-value with ties
[2025-06-13 20:07:28] [R_WARNING] Cannot compute exact p-value with ties
[2025-06-13 20:07:28] [R_WARNING] Cannot compute exact p-value with ties
[2025-06-13 20:07:28] [R_WARNING] Cannot compute exact p-value with ties
[2025-06-13 20:07:28] [R_WARNING] Cannot compute exact p-value with ties
[2025-06-13 20:07:28] [R_WARNING] Cannot compute exact p-value with ties
[2025-06-13 20:07:28] [R_WARNING] Cannot compute exact p-value with ties
[2025-06-13 20:07:28] [R_WARNING] Cannot compute exact p-value with ties
[2025-06-13 20:07:28] [R_WARNING] Cannot compute exact p-value with ties
[2025-06-13 20:07:28] [R_WARNING] Cannot compute exact p-value with ties
[2025-06-13 20:07:28] [R_WARNING] Cannot compute exact p-value with ties
[2025-06-13 20:07:28] [R_WARNING] Cannot compute exact p-value with ties
[2025-06-13 20:07:28] [R_WARNING] Cannot compute exact p-value with ties
[2025-06-13 20:07:28] [R_WARNING] Cannot compute exact p-value with ties
[2025-06-13 20:07:28] [R_WARNING] Cannot compute exact p-value with ties
[2025-06-13 20:07:28] [R_WARNING] Cannot compute exact p-value with ties
[2025-06-13 20:07:28] [R_WARNING] Cannot compute exact p-value with ties
[2025-06-13 20:07:28] [R_WARNING] Cannot compute exact p-value with ties
[2025-06-13 20:07:28] [R_WARNING] Cannot compute exact p-value with ties
[2025-06-13 20:07:28] [R_WARNING] Cannot compute exact p-value with ties
[2025-06-13 20:07:28] [R_WARNING] Cannot compute exact p-value with ties
[2025-06-13 20:07:28] [R_WARNING] Cannot compute exact p-value with ties
[2025-06-13 20:07:28] [R_WARNING] Cannot compute exact p-value with ties
[2025-06-13 20:07:28] [R_WARNING] Cannot compute exact p-value with ties
[2025-06-13 20:07:28] [R_WARNING] Cannot compute exact p-value with ties
[2025-06-13 20:07:28] [R_WARNING] Cannot compute exact p-value with ties
[2025-06-13 20:07:28] [R_WARNING] Cannot compute exact p-value with ties
[2025-06-13 20:07:28] [R_WARNING] Cannot compute exact p-value with ties
[2025-06-13 20:07:28] [R_WARNING] Cannot compute exact p-value with ties
[2025-06-13 20:07:28] [R_WARNING] Cannot compute exact p-value with ties
[2025-06-13 20:07:28] [R_WARNING] Cannot compute exact p-value with ties
[2025-06-13 20:07:28] [R_WARNING] Cannot compute exact p-value with ties
[2025-06-13 20:07:28] [R_WARNING] Cannot compute exact p-value with ties
[2025-06-13 20:07:28] [R_WARNING] Cannot compute exact p-value with ties
[2025-06-13 20:07:28] [R_WARNING] Cannot compute exact p-value with ties
[2025-06-13 20:07:28] [R_WARNING] Cannot compute exact p-value with ties
[2025-06-13 20:07:29] [R_WARNING] Cannot compute exact p-value with ties
[2025-06-13 20:07:29] [R_WARNING] Cannot compute exact p-value with ties
[2025-06-13 20:07:29] [R_WARNING] Cannot compute exact p-value with ties
[2025-06-13 20:07:29] [R_WARNING] Cannot compute exact p-value with ties
[2025-06-13 20:07:29] [R_WARNING] Cannot compute exact p-value with ties
[2025-06-13 20:07:29] [R_WARNING] Cannot compute exact p-value with ties
[2025-06-13 20:07:29] [R_WARNING] Cannot compute exact p-value with ties
[2025-06-13 20:07:29] [R_WARNING] Cannot compute exact p-value with ties
[2025-06-13 20:07:29] [R_WARNING] Cannot compute exact p-value with ties
[2025-06-13 20:07:29] [R_WARNING] Cannot compute exact p-value with ties
[2025-06-13 20:07:29] [R_WARNING] Cannot compute exact p-value with ties
[2025-06-13 20:07:29] [R_WARNING] Cannot compute exact p-value with ties
[2025-06-13 20:07:29] [R_WARNING] Cannot compute exact p-value with ties
[2025-06-13 20:07:29] [R_WARNING] Cannot compute exact p-value with ties
[2025-06-13 20:07:29] [R_WARNING] Cannot compute exact p-value with ties
[2025-06-13 20:07:29] [R_WARNING] Cannot compute exact p-value with ties
[2025-06-13 20:07:29] [R_WARNING] Cannot compute exact p-value with ties
[2025-06-13 20:07:29] [R_WARNING] Cannot compute exact p-value with ties
[2025-06-13 20:07:29] [R_WARNING] Cannot compute exact p-value with ties
[2025-06-13 20:07:29] [R_WARNING] Cannot compute exact p-value with ties
[2025-06-13 20:07:29] [R_WARNING] Cannot compute exact p-value with ties
[2025-06-13 20:07:29] [R_WARNING] Cannot compute exact p-value with ties
[2025-06-13 20:07:29] [R_WARNING] Cannot compute exact p-value with ties
[2025-06-13 20:07:29] [R_WARNING] Cannot compute exact p-value with ties
[2025-06-13 20:07:29] [R_WARNING] Cannot compute exact p-value with ties
[2025-06-13 20:07:29] [R_WARNING] Cannot compute exact p-value with ties
[2025-06-13 20:07:29] [R_WARNING] Cannot compute exact p-value with ties
[2025-06-13 20:07:29] [R_WARNING] Cannot compute exact p-value with ties
[2025-06-13 20:07:29] [R_WARNING] Cannot compute exact p-value with ties
[2025-06-13 20:07:29] [R_WARNING] Cannot compute exact p-value with ties
[2025-06-13 20:07:29] [R_WARNING] Cannot compute exact p-value with ties
[2025-06-13 20:07:29] [R_WARNING] Cannot compute exact p-value with ties
[2025-06-13 20:07:29] [R_WARNING] Cannot compute exact p-value with ties
[2025-06-13 20:07:29] [R_WARNING] Cannot compute exact p-value with ties
[2025-06-13 20:07:29] [R_WARNING] Cannot compute exact p-value with ties
[2025-06-13 20:07:29] [R_WARNING] Cannot compute exact p-value with ties
[2025-06-13 20:07:29] [R_WARNING] Cannot compute exact p-value with ties
[2025-06-13 20:07:29] [R_WARNING] Cannot compute exact p-value with ties
[2025-06-13 20:07:29] [R_WARNING] Cannot compute exact p-value with ties
[2025-06-13 20:07:29] [R_WARNING] Cannot compute exact p-value with ties
[2025-06-13 20:07:29] [R_WARNING] Cannot compute exact p-value with ties
[2025-06-13 20:07:29] [R_WARNING] Cannot compute exact p-value with ties
[2025-06-13 20:07:29] [R_WARNING] Cannot compute exact p-value with ties
[2025-06-13 20:07:29] [R_WARNING] Cannot compute exact p-value with ties
[2025-06-13 20:07:29] [R_WARNING] Cannot compute exact p-value with ties
[2025-06-13 20:07:29] [R_WARNING] Cannot compute exact p-value with ties
[2025-06-13 20:07:29] [R_WARNING] Cannot compute exact p-value with ties
[2025-06-13 20:07:29] [R_WARNING] Cannot compute exact p-value with ties
[2025-06-13 20:07:29] [R_WARNING] Cannot compute exact p-value with ties
[2025-06-13 20:07:29] [R_WARNING] Cannot compute exact p-value with ties
[2025-06-13 20:07:29] [R_WARNING] Cannot compute exact p-value with ties
[2025-06-13 20:07:29] [R_WARNING] Cannot compute exact p-value with ties
[2025-06-13 20:07:29] [R_WARNING] Cannot compute exact p-value with ties
[2025-06-13 20:07:29] [R_WARNING] Cannot compute exact p-value with ties
[2025-06-13 20:07:29] [R_WARNING] Cannot compute exact p-value with ties
[2025-06-13 20:07:29] [R_WARNING] Cannot compute exact p-value with ties
[2025-06-13 20:07:29] [R_WARNING] Cannot compute exact p-value with ties
[2025-06-13 20:07:29] [R_WARNING] Cannot compute exact p-value with ties
[2025-06-13 20:07:29] [R_WARNING] Cannot compute exact p-value with ties
[2025-06-13 20:07:29] [R_WARNING] Cannot compute exact p-value with ties
[2025-06-13 20:07:29] [R_WARNING] Cannot compute exact p-value with ties
[2025-06-13 20:07:29] [R_WARNING] Cannot compute exact p-value with ties
[2025-06-13 20:07:29] [R_WARNING] Cannot compute exact p-value with ties
[2025-06-13 20:07:29] [R_WARNING] Cannot compute exact p-value with ties
[2025-06-13 20:07:29] [R_WARNING] Cannot compute exact p-value with ties
[2025-06-13 20:07:29] [R_WARNING] Cannot compute exact p-value with ties
[2025-06-13 20:07:29] [R_WARNING] Cannot compute exact p-value with ties
[2025-06-13 20:07:29] [R_WARNING] Cannot compute exact p-value with ties
[2025-06-13 20:07:29] [R_WARNING] Cannot compute exact p-value with ties
[2025-06-13 20:07:29] [R_WARNING] Cannot compute exact p-value with ties
[2025-06-13 20:07:29] [R_WARNING] Cannot compute exact p-value with ties
[2025-06-13 20:07:29] [R_WARNING] Cannot compute exact p-value with ties
[2025-06-13 20:07:29] [R_WARNING] Cannot compute exact p-value with ties
[2025-06-13 20:07:29] [R_WARNING] Cannot compute exact p-value with ties
[2025-06-13 20:07:29] [R_WARNING] Cannot compute exact p-value with ties
[2025-06-13 20:07:29] [R_WARNING] Cannot compute exact p-value with ties
[2025-06-13 20:07:29] [R_WARNING] Cannot compute exact p-value with ties
[2025-06-13 20:07:29] [R_WARNING] Cannot compute exact p-value with ties
[2025-06-13 20:07:29] [R_WARNING] Cannot compute exact p-value with ties
[2025-06-13 20:07:29] [R_WARNING] Cannot compute exact p-value with ties
[2025-06-13 20:07:29] [R_WARNING] Cannot compute exact p-value with ties
[2025-06-13 20:07:29] [R_WARNING] Cannot compute exact p-value with ties
[2025-06-13 20:07:29] [R_WARNING] Cannot compute exact p-value with ties
[2025-06-13 20:07:29] [R_WARNING] Cannot compute exact p-value with ties
[2025-06-13 20:07:29] [R_WARNING] Cannot compute exact p-value with ties
[2025-06-13 20:07:29] [R_WARNING] Cannot compute exact p-value with ties
[2025-06-13 20:07:29] [R_WARNING] Cannot compute exact p-value with ties
[2025-06-13 20:07:29] [R_WARNING] Cannot compute exact p-value with ties
[2025-06-13 20:07:29] [R_WARNING] Cannot compute exact p-value with ties
[2025-06-13 20:07:29] [R_WARNING] Cannot compute exact p-value with ties
[2025-06-13 20:07:29] [R_WARNING] Cannot compute exact p-value with ties
[2025-06-13 20:07:29] [R_WARNING] Cannot compute exact p-value with ties
[2025-06-13 20:07:29] [R_WARNING] Cannot compute exact p-value with ties
[2025-06-13 20:07:29] [R_WARNING] Cannot compute exact p-value with ties
[2025-06-13 20:07:29] [R_WARNING] Cannot compute exact p-value with ties
[2025-06-13 20:07:29] [R_WARNING] Cannot compute exact p-value with ties
[2025-06-13 20:07:29] [R_WARNING] Cannot compute exact p-value with ties
[2025-06-13 20:07:29] [R_WARNING] Cannot compute exact p-value with ties
[2025-06-13 20:07:29] [R_WARNING] Cannot compute exact p-value with ties
[2025-06-13 20:07:29] [R_WARNING] Cannot compute exact p-value with ties
[2025-06-13 20:07:29] [R_WARNING] Cannot compute exact p-value with ties
[2025-06-13 20:07:29] [R_WARNING] Cannot compute exact p-value with ties
[2025-06-13 20:07:29] [R_WARNING] Cannot compute exact p-value with ties
[2025-06-13 20:07:29] [R_WARNING] Cannot compute exact p-value with ties
[2025-06-13 20:07:29] [R_WARNING] Cannot compute exact p-value with ties
[2025-06-13 20:07:29] [R_WARNING] Cannot compute exact p-value with ties
[2025-06-13 20:07:29] [R_WARNING] Cannot compute exact p-value with ties
[2025-06-13 20:07:29] [R_WARNING] Cannot compute exact p-value with ties
[2025-06-13 20:07:29] [R_WARNING] Cannot compute exact p-value with ties
[2025-06-13 20:07:29] [R_WARNING] Cannot compute exact p-value with ties
[2025-06-13 20:07:29] [R_WARNING] Cannot compute exact p-value with ties
[2025-06-13 20:07:29] [R_WARNING] Cannot compute exact p-value with ties
[2025-06-13 20:07:29] [R_WARNING] Cannot compute exact p-value with ties
[2025-06-13 20:07:29] [R_WARNING] Cannot compute exact p-value with ties
[2025-06-13 20:07:29] [R_WARNING] Cannot compute exact p-value with ties
[2025-06-13 20:07:33] [R_WARNING] The `panel.grid.y` theme element is not defined in the element hierarchy.
[2025-06-13 20:07:33] [R_WARNING] The `panel.grid.y` theme element is not defined in the element hierarchy.
[2025-06-13 20:07:37] [R_WARNING] Computation failed in `stat_signif()`.
Caused by error in `Summary.factor()`:
! 'min' not meaningful for factors
[2025-06-13 20:07:37] [R_WARNING] Computation failed in `stat_signif()`.
Caused by error in `Summary.factor()`:
! 'min' not meaningful for factors
[2025-06-13 20:07:38] [R_WARNING] Computation failed in `stat_signif()`.
Caused by error in `Summary.factor()`:
! 'min' not meaningful for factors
[2025-06-13 20:07:38] [R_WARNING] Computation failed in `stat_signif()`.
Caused by error in `Summary.factor()`:
! 'min' not meaningful for factors
[2025-06-13 20:07:39] [R_WARNING] Computation failed in `stat_signif()`.
Caused by error in `Summary.factor()`:
! 'min' not meaningful for factors
[2025-06-13 20:07:39] [R_WARNING] Computation failed in `stat_signif()`.
Caused by error in `Summary.factor()`:
! 'min' not meaningful for factors
[2025-06-13 20:07:58] [INFO] STEP: UNIFIED DASHBOARD COMPLETED - Dashboard generated with 4 successful analyses

================================================================================
SESSION SUMMARY WITH DEBUGGING INFORMATION
================================================================================
Session duration: 0.64 minutes
Total analysis steps: 4
Total custom warnings: 0
Total custom errors: 0
Total R warnings captured: 415
Total console output entries: 0
Session ended: 2025-06-13 20:07:58.219792

ANALYSIS STEPS COMPLETED:
  1. DATA LOADING (20:07:19)
  2. DATA PREPARATION COMPLETED (20:07:21)
  3. UNIFIED DASHBOARD (20:07:21)
  4. UNIFIED DASHBOARD COMPLETED (20:07:58)

R WARNINGS ENCOUNTERED (DEBUGGING INFO):
  403x: Cannot compute exact p-value with ties
  6x: Computation failed in `stat_signif()`.
Caused by error in `Summary.factor()`:
! 'min' not meaningful for factors
  2x: The `panel.grid.y` theme element is not defined in the element hierarchy.
  2x: The dot-dot notation (`..density..`) was deprecated in ggplot2 3.4.0.
ℹ Please use `after_stat(density)` instead.
  2x: Using `size` aesthetic for lines was deprecated in ggplot2 3.4.0.
ℹ Please use `linewidth` instead.

DEBUGGING RECOMMENDATIONS:
  ⚠ High number of R warnings - investigate data quality

================================================================================
