================================================================================
R STATISTICAL ANALYSIS SESSION LOG
Session started: 2025-06-13 19:41:06.0225
R Version: R version 4.4.3 (2025-02-28 ucrt)
Working directory: C:/Users/konrad_guest/Documents/RProject/sad-projekt
Command line args: --correlation_analysis --report
Log level: INFO
================================================================================

[2025-06-13 19:41:06] [INFO] STEP: DATA LOADING - Loading data from: dane.csv
[2025-06-13 19:41:07] [INFO] STEP: DATA PREPARATION COMPLETED - Dataset loaded with 75 rows and 11 columns
[2025-06-13 19:41:07] [INFO] STEP: CORRELATION ANALYSIS - Starting correlation analysis of variables
[2025-06-13 19:41:07] [R_WARNING] Cannot compute exact p-value with ties
[2025-06-13 19:41:07] [R_WARNING] Cannot compute exact p-value with ties
[2025-06-13 19:41:07] [R_WARNING] Cannot compute exact p-value with ties
[2025-06-13 19:41:07] [R_WARNING] Cannot compute exact p-value with ties
[2025-06-13 19:41:07] [R_WARNING] Cannot compute exact p-value with ties
[2025-06-13 19:41:07] [R_WARNING] Cannot compute exact p-value with ties
[2025-06-13 19:41:07] [R_WARNING] Cannot compute exact p-value with ties
[2025-06-13 19:41:07] [R_WARNING] Cannot compute exact p-value with ties
[2025-06-13 19:41:07] [R_WARNING] Cannot compute exact p-value with ties
[2025-06-13 19:41:07] [R_WARNING] Cannot compute exact p-value with ties
[2025-06-13 19:41:07] [R_WARNING] Cannot compute exact p-value with ties
[2025-06-13 19:41:07] [R_WARNING] Cannot compute exact p-value with ties
[2025-06-13 19:41:07] [R_WARNING] Cannot compute exact p-value with ties
[2025-06-13 19:41:07] [R_WARNING] Cannot compute exact p-value with ties
[2025-06-13 19:41:07] [R_WARNING] Cannot compute exact p-value with ties
[2025-06-13 19:41:07] [R_WARNING] Cannot compute exact p-value with ties
[2025-06-13 19:41:07] [R_WARNING] Cannot compute exact p-value with ties
[2025-06-13 19:41:07] [R_WARNING] Cannot compute exact p-value with ties
[2025-06-13 19:41:07] [R_WARNING] Cannot compute exact p-value with ties
[2025-06-13 19:41:07] [R_WARNING] Cannot compute exact p-value with ties
[2025-06-13 19:41:07] [R_WARNING] Cannot compute exact p-value with ties
[2025-06-13 19:41:07] [R_WARNING] Cannot compute exact p-value with ties
[2025-06-13 19:41:07] [R_WARNING] Cannot compute exact p-value with ties
[2025-06-13 19:41:07] [R_WARNING] Cannot compute exact p-value with ties
[2025-06-13 19:41:07] [R_WARNING] Cannot compute exact p-value with ties
[2025-06-13 19:41:07] [R_WARNING] Cannot compute exact p-value with ties
[2025-06-13 19:41:07] [R_WARNING] Cannot compute exact p-value with ties
[2025-06-13 19:41:07] [R_WARNING] Cannot compute exact p-value with ties
[2025-06-13 19:41:07] [R_WARNING] Cannot compute exact p-value with ties
[2025-06-13 19:41:07] [R_WARNING] Cannot compute exact p-value with ties
[2025-06-13 19:41:07] [R_WARNING] Cannot compute exact p-value with ties
[2025-06-13 19:41:07] [R_WARNING] Cannot compute exact p-value with ties
[2025-06-13 19:41:07] [R_WARNING] Cannot compute exact p-value with ties
[2025-06-13 19:41:07] [R_WARNING] Cannot compute exact p-value with ties
[2025-06-13 19:41:07] [R_WARNING] Cannot compute exact p-value with ties
[2025-06-13 19:41:07] [R_WARNING] Cannot compute exact p-value with ties
[2025-06-13 19:41:07] [R_WARNING] Cannot compute exact p-value with ties
[2025-06-13 19:41:07] [R_WARNING] Cannot compute exact p-value with ties
[2025-06-13 19:41:07] [R_WARNING] Cannot compute exact p-value with ties
[2025-06-13 19:41:07] [R_WARNING] Cannot compute exact p-value with ties
[2025-06-13 19:41:07] [R_WARNING] Cannot compute exact p-value with ties
[2025-06-13 19:41:07] [R_WARNING] Cannot compute exact p-value with ties
[2025-06-13 19:41:07] [R_WARNING] Cannot compute exact p-value with ties
[2025-06-13 19:41:07] [R_WARNING] Cannot compute exact p-value with ties
[2025-06-13 19:41:07] [R_WARNING] Cannot compute exact p-value with ties
[2025-06-13 19:41:07] [R_WARNING] Cannot compute exact p-value with ties
[2025-06-13 19:41:07] [R_WARNING] Cannot compute exact p-value with ties
[2025-06-13 19:41:07] [R_WARNING] Cannot compute exact p-value with ties
[2025-06-13 19:41:07] [R_WARNING] Cannot compute exact p-value with ties
[2025-06-13 19:41:07] [R_WARNING] Cannot compute exact p-value with ties
[2025-06-13 19:41:07] [R_WARNING] Cannot compute exact p-value with ties
[2025-06-13 19:41:07] [R_WARNING] Cannot compute exact p-value with ties
[2025-06-13 19:41:07] [R_WARNING] Cannot compute exact p-value with ties
[2025-06-13 19:41:07] [R_WARNING] Cannot compute exact p-value with ties
[2025-06-13 19:41:08] [R_WARNING] Cannot compute exact p-value with ties
[2025-06-13 19:41:08] [R_WARNING] Cannot compute exact p-value with ties
[2025-06-13 19:41:08] [R_WARNING] Cannot compute exact p-value with ties
[2025-06-13 19:41:08] [R_WARNING] Cannot compute exact p-value with ties
[2025-06-13 19:41:08] [R_WARNING] Cannot compute exact p-value with ties
[2025-06-13 19:41:08] [R_WARNING] Cannot compute exact p-value with ties
[2025-06-13 19:41:08] [R_WARNING] Cannot compute exact p-value with ties
[2025-06-13 19:41:08] [R_WARNING] Cannot compute exact p-value with ties
[2025-06-13 19:41:08] [R_WARNING] Cannot compute exact p-value with ties
[2025-06-13 19:41:08] [R_WARNING] Cannot compute exact p-value with ties
[2025-06-13 19:41:08] [R_WARNING] Cannot compute exact p-value with ties
[2025-06-13 19:41:08] [R_WARNING] Cannot compute exact p-value with ties
[2025-06-13 19:41:08] [R_WARNING] Cannot compute exact p-value with ties
[2025-06-13 19:41:08] [R_WARNING] Cannot compute exact p-value with ties
[2025-06-13 19:41:08] [R_WARNING] Cannot compute exact p-value with ties
[2025-06-13 19:41:08] [R_WARNING] Cannot compute exact p-value with ties
[2025-06-13 19:41:08] [R_WARNING] Cannot compute exact p-value with ties
[2025-06-13 19:41:08] [R_WARNING] Cannot compute exact p-value with ties
[2025-06-13 19:41:08] [R_WARNING] Cannot compute exact p-value with ties
[2025-06-13 19:41:08] [R_WARNING] Cannot compute exact p-value with ties
[2025-06-13 19:41:08] [R_WARNING] Cannot compute exact p-value with ties
[2025-06-13 19:41:08] [R_WARNING] Cannot compute exact p-value with ties
[2025-06-13 19:41:08] [R_WARNING] Cannot compute exact p-value with ties
[2025-06-13 19:41:08] [R_WARNING] Cannot compute exact p-value with ties
[2025-06-13 19:41:08] [R_WARNING] Cannot compute exact p-value with ties
[2025-06-13 19:41:08] [R_WARNING] Cannot compute exact p-value with ties
[2025-06-13 19:41:08] [R_WARNING] Cannot compute exact p-value with ties
[2025-06-13 19:41:08] [R_WARNING] Cannot compute exact p-value with ties
[2025-06-13 19:41:08] [R_WARNING] Cannot compute exact p-value with ties
[2025-06-13 19:41:08] [R_WARNING] Cannot compute exact p-value with ties
[2025-06-13 19:41:08] [R_WARNING] Cannot compute exact p-value with ties
[2025-06-13 19:41:08] [R_WARNING] Cannot compute exact p-value with ties
[2025-06-13 19:41:08] [R_WARNING] Cannot compute exact p-value with ties
[2025-06-13 19:41:08] [R_WARNING] Cannot compute exact p-value with ties
[2025-06-13 19:41:08] [R_WARNING] Cannot compute exact p-value with ties
[2025-06-13 19:41:08] [R_WARNING] Cannot compute exact p-value with ties
[2025-06-13 19:41:08] [R_WARNING] Cannot compute exact p-value with ties
[2025-06-13 19:41:08] [R_WARNING] Cannot compute exact p-value with ties
[2025-06-13 19:41:08] [R_WARNING] Cannot compute exact p-value with ties
[2025-06-13 19:41:08] [R_WARNING] Cannot compute exact p-value with ties
[2025-06-13 19:41:08] [R_WARNING] Cannot compute exact p-value with ties
[2025-06-13 19:41:08] [R_WARNING] Cannot compute exact p-value with ties
[2025-06-13 19:41:08] [R_WARNING] Cannot compute exact p-value with ties
[2025-06-13 19:41:08] [R_WARNING] Cannot compute exact p-value with ties
[2025-06-13 19:41:08] [R_WARNING] Cannot compute exact p-value with ties
[2025-06-13 19:41:08] [R_WARNING] Cannot compute exact p-value with ties
[2025-06-13 19:41:08] [R_WARNING] Cannot compute exact p-value with ties
[2025-06-13 19:41:08] [R_WARNING] Cannot compute exact p-value with ties
[2025-06-13 19:41:08] [R_WARNING] Cannot compute exact p-value with ties
[2025-06-13 19:41:08] [R_WARNING] Cannot compute exact p-value with ties
[2025-06-13 19:41:08] [R_WARNING] Cannot compute exact p-value with ties
[2025-06-13 19:41:08] [R_WARNING] Cannot compute exact p-value with ties
[2025-06-13 19:41:08] [R_WARNING] Cannot compute exact p-value with ties
[2025-06-13 19:41:08] [R_WARNING] Cannot compute exact p-value with ties
[2025-06-13 19:41:08] [R_WARNING] Cannot compute exact p-value with ties
[2025-06-13 19:41:08] [R_WARNING] Cannot compute exact p-value with ties
[2025-06-13 19:41:08] [R_WARNING] Cannot compute exact p-value with ties
[2025-06-13 19:41:08] [R_WARNING] Cannot compute exact p-value with ties
[2025-06-13 19:41:08] [R_WARNING] Cannot compute exact p-value with ties
[2025-06-13 19:41:08] [R_WARNING] Cannot compute exact p-value with ties
[2025-06-13 19:41:08] [R_WARNING] Cannot compute exact p-value with ties
[2025-06-13 19:41:08] [R_WARNING] Cannot compute exact p-value with ties
[2025-06-13 19:41:08] [R_WARNING] Cannot compute exact p-value with ties
[2025-06-13 19:41:08] [R_WARNING] Cannot compute exact p-value with ties
[2025-06-13 19:41:08] [R_WARNING] Cannot compute exact p-value with ties
[2025-06-13 19:41:08] [R_WARNING] Cannot compute exact p-value with ties
[2025-06-13 19:41:08] [R_WARNING] Cannot compute exact p-value with ties
[2025-06-13 19:41:08] [R_WARNING] Cannot compute exact p-value with ties
[2025-06-13 19:41:08] [R_WARNING] Cannot compute exact p-value with ties
[2025-06-13 19:41:08] [R_WARNING] Cannot compute exact p-value with ties
[2025-06-13 19:41:08] [R_WARNING] Cannot compute exact p-value with ties
[2025-06-13 19:41:08] [R_WARNING] Cannot compute exact p-value with ties
[2025-06-13 19:41:08] [R_WARNING] Cannot compute exact p-value with ties
[2025-06-13 19:41:08] [R_WARNING] Cannot compute exact p-value with ties
[2025-06-13 19:41:08] [R_WARNING] Cannot compute exact p-value with ties
[2025-06-13 19:41:08] [R_WARNING] Cannot compute exact p-value with ties
[2025-06-13 19:41:08] [R_WARNING] Cannot compute exact p-value with ties
[2025-06-13 19:41:08] [R_WARNING] Cannot compute exact p-value with ties
[2025-06-13 19:41:08] [R_WARNING] Cannot compute exact p-value with ties
[2025-06-13 19:41:08] [R_WARNING] Cannot compute exact p-value with ties
[2025-06-13 19:41:08] [R_WARNING] Cannot compute exact p-value with ties
[2025-06-13 19:41:08] [R_WARNING] Cannot compute exact p-value with ties
[2025-06-13 19:41:08] [R_WARNING] Cannot compute exact p-value with ties
[2025-06-13 19:41:08] [R_WARNING] Cannot compute exact p-value with ties
[2025-06-13 19:41:08] [R_WARNING] Cannot compute exact p-value with ties
[2025-06-13 19:41:08] [R_WARNING] Cannot compute exact p-value with ties
[2025-06-13 19:41:08] [R_WARNING] Cannot compute exact p-value with ties
[2025-06-13 19:41:08] [R_WARNING] Cannot compute exact p-value with ties
[2025-06-13 19:41:08] [R_WARNING] Cannot compute exact p-value with ties
[2025-06-13 19:41:08] [R_WARNING] Cannot compute exact p-value with ties
[2025-06-13 19:41:08] [R_WARNING] Cannot compute exact p-value with ties
[2025-06-13 19:41:08] [R_WARNING] Cannot compute exact p-value with ties
[2025-06-13 19:41:08] [R_WARNING] Cannot compute exact p-value with ties
[2025-06-13 19:41:08] [R_WARNING] Cannot compute exact p-value with ties
[2025-06-13 19:41:08] [R_WARNING] Cannot compute exact p-value with ties
[2025-06-13 19:41:08] [R_WARNING] Cannot compute exact p-value with ties
[2025-06-13 19:41:08] [R_WARNING] Cannot compute exact p-value with ties
[2025-06-13 19:41:08] [R_WARNING] Cannot compute exact p-value with ties
[2025-06-13 19:41:08] [R_WARNING] Cannot compute exact p-value with ties
[2025-06-13 19:41:08] [R_WARNING] Cannot compute exact p-value with ties
[2025-06-13 19:41:08] [R_WARNING] Cannot compute exact p-value with ties
[2025-06-13 19:41:08] [R_WARNING] Cannot compute exact p-value with ties
[2025-06-13 19:41:08] [R_WARNING] Cannot compute exact p-value with ties
[2025-06-13 19:41:08] [R_WARNING] Cannot compute exact p-value with ties
[2025-06-13 19:41:08] [R_WARNING] Cannot compute exact p-value with ties
[2025-06-13 19:41:08] [R_WARNING] Cannot compute exact p-value with ties
[2025-06-13 19:41:08] [R_WARNING] Cannot compute exact p-value with ties
[2025-06-13 19:41:08] [R_WARNING] Cannot compute exact p-value with ties
[2025-06-13 19:41:08] [R_WARNING] Cannot compute exact p-value with ties
[2025-06-13 19:41:08] [R_WARNING] Cannot compute exact p-value with ties
[2025-06-13 19:41:08] [R_WARNING] Cannot compute exact p-value with ties
[2025-06-13 19:41:08] [R_WARNING] Cannot compute exact p-value with ties
[2025-06-13 19:41:08] [R_WARNING] Cannot compute exact p-value with ties
[2025-06-13 19:41:08] [R_WARNING] Cannot compute exact p-value with ties
[2025-06-13 19:41:08] [R_WARNING] Cannot compute exact p-value with ties
[2025-06-13 19:41:08] [R_WARNING] Cannot compute exact p-value with ties
[2025-06-13 19:41:08] [R_WARNING] Cannot compute exact p-value with ties
[2025-06-13 19:41:08] [R_WARNING] Cannot compute exact p-value with ties
[2025-06-13 19:41:08] [R_WARNING] Cannot compute exact p-value with ties
[2025-06-13 19:41:08] [R_WARNING] Cannot compute exact p-value with ties
[2025-06-13 19:41:08] [R_WARNING] Cannot compute exact p-value with ties
[2025-06-13 19:41:08] [R_WARNING] Cannot compute exact p-value with ties
[2025-06-13 19:41:08] [R_WARNING] Cannot compute exact p-value with ties
[2025-06-13 19:41:08] [R_WARNING] Cannot compute exact p-value with ties
[2025-06-13 19:41:08] [R_WARNING] Cannot compute exact p-value with ties
[2025-06-13 19:41:08] [R_WARNING] Cannot compute exact p-value with ties
[2025-06-13 19:41:08] [R_WARNING] Cannot compute exact p-value with ties
[2025-06-13 19:41:08] [R_WARNING] Cannot compute exact p-value with ties
[2025-06-13 19:41:08] [R_WARNING] Cannot compute exact p-value with ties
[2025-06-13 19:41:08] [R_WARNING] Cannot compute exact p-value with ties
[2025-06-13 19:41:08] [R_WARNING] Cannot compute exact p-value with ties
[2025-06-13 19:41:08] [R_WARNING] Cannot compute exact p-value with ties
[2025-06-13 19:41:08] [R_WARNING] Cannot compute exact p-value with ties
[2025-06-13 19:41:08] [R_WARNING] Cannot compute exact p-value with ties
[2025-06-13 19:41:08] [R_WARNING] Cannot compute exact p-value with ties
[2025-06-13 19:41:08] [R_WARNING] Cannot compute exact p-value with ties
[2025-06-13 19:41:08] [R_WARNING] Cannot compute exact p-value with ties
[2025-06-13 19:41:08] [R_WARNING] Cannot compute exact p-value with ties
[2025-06-13 19:41:08] [R_WARNING] Cannot compute exact p-value with ties
[2025-06-13 19:41:08] [R_WARNING] Cannot compute exact p-value with ties
[2025-06-13 19:41:08] [R_WARNING] Cannot compute exact p-value with ties
[2025-06-13 19:41:08] [R_WARNING] Cannot compute exact p-value with ties
[2025-06-13 19:41:08] [R_WARNING] Cannot compute exact p-value with ties
[2025-06-13 19:41:08] [R_WARNING] Cannot compute exact p-value with ties
[2025-06-13 19:41:08] [R_WARNING] Cannot compute exact p-value with ties
[2025-06-13 19:41:08] [R_WARNING] Cannot compute exact p-value with ties
[2025-06-13 19:41:08] [R_WARNING] Cannot compute exact p-value with ties
[2025-06-13 19:41:08] [R_WARNING] Cannot compute exact p-value with ties
[2025-06-13 19:41:08] [R_WARNING] Cannot compute exact p-value with ties
[2025-06-13 19:41:08] [R_WARNING] Cannot compute exact p-value with ties
[2025-06-13 19:41:08] [R_WARNING] Cannot compute exact p-value with ties
[2025-06-13 19:41:08] [R_WARNING] Cannot compute exact p-value with ties
[2025-06-13 19:41:08] [R_WARNING] Cannot compute exact p-value with ties
[2025-06-13 19:41:08] [R_WARNING] Cannot compute exact p-value with ties
[2025-06-13 19:41:08] [R_WARNING] Cannot compute exact p-value with ties
[2025-06-13 19:41:08] [R_WARNING] Cannot compute exact p-value with ties
[2025-06-13 19:41:08] [R_WARNING] Cannot compute exact p-value with ties
[2025-06-13 19:41:08] [R_WARNING] Cannot compute exact p-value with ties
[2025-06-13 19:41:08] [R_WARNING] Cannot compute exact p-value with ties
[2025-06-13 19:41:08] [R_WARNING] Cannot compute exact p-value with ties
[2025-06-13 19:41:08] [R_WARNING] Cannot compute exact p-value with ties
[2025-06-13 19:41:08] [R_WARNING] Cannot compute exact p-value with ties
[2025-06-13 19:41:08] [R_WARNING] Cannot compute exact p-value with ties
[2025-06-13 19:41:08] [R_WARNING] Cannot compute exact p-value with ties
[2025-06-13 19:41:08] [R_WARNING] Cannot compute exact p-value with ties
[2025-06-13 19:41:08] [R_WARNING] Cannot compute exact p-value with ties
[2025-06-13 19:41:08] [R_WARNING] Cannot compute exact p-value with ties
[2025-06-13 19:41:08] [R_WARNING] Cannot compute exact p-value with ties
[2025-06-13 19:41:08] [R_WARNING] Cannot compute exact p-value with ties
[2025-06-13 19:41:08] [R_WARNING] Cannot compute exact p-value with ties
[2025-06-13 19:41:08] [R_WARNING] Cannot compute exact p-value with ties
[2025-06-13 19:41:08] [R_WARNING] Cannot compute exact p-value with ties
[2025-06-13 19:41:08] [R_WARNING] Cannot compute exact p-value with ties
[2025-06-13 19:41:08] [R_WARNING] Cannot compute exact p-value with ties
[2025-06-13 19:41:08] [R_WARNING] Cannot compute exact p-value with ties
[2025-06-13 19:41:08] [R_WARNING] Cannot compute exact p-value with ties
[2025-06-13 19:41:08] [R_WARNING] Cannot compute exact p-value with ties
[2025-06-13 19:41:08] [R_WARNING] Cannot compute exact p-value with ties
[2025-06-13 19:41:08] [R_WARNING] Cannot compute exact p-value with ties
[2025-06-13 19:41:08] [R_WARNING] Cannot compute exact p-value with ties
[2025-06-13 19:41:08] [R_WARNING] Cannot compute exact p-value with ties
[2025-06-13 19:41:08] [R_WARNING] Cannot compute exact p-value with ties
[2025-06-13 19:41:08] [R_WARNING] Cannot compute exact p-value with ties
[2025-06-13 19:41:08] [R_WARNING] Cannot compute exact p-value with ties
[2025-06-13 19:41:08] [R_WARNING] Cannot compute exact p-value with ties
[2025-06-13 19:41:08] [R_WARNING] Cannot compute exact p-value with ties
[2025-06-13 19:41:08] [R_WARNING] Cannot compute exact p-value with ties
[2025-06-13 19:41:08] [R_WARNING] Cannot compute exact p-value with ties
[2025-06-13 19:41:08] [R_WARNING] Cannot compute exact p-value with ties
[2025-06-13 19:41:08] [R_WARNING] Cannot compute exact p-value with ties
[2025-06-13 19:41:08] [R_WARNING] Cannot compute exact p-value with ties
[2025-06-13 19:41:08] [R_WARNING] Cannot compute exact p-value with ties
[2025-06-13 19:41:08] [R_WARNING] Cannot compute exact p-value with ties
[2025-06-13 19:41:08] [R_WARNING] Cannot compute exact p-value with ties
[2025-06-13 19:41:08] [R_WARNING] Cannot compute exact p-value with ties
[2025-06-13 19:41:08] [R_WARNING] Cannot compute exact p-value with ties
[2025-06-13 19:41:08] [R_WARNING] Cannot compute exact p-value with ties
[2025-06-13 19:41:08] [R_WARNING] Cannot compute exact p-value with ties
[2025-06-13 19:41:08] [R_WARNING] Cannot compute exact p-value with ties
[2025-06-13 19:41:08] [R_WARNING] Cannot compute exact p-value with ties
[2025-06-13 19:41:08] [R_WARNING] Cannot compute exact p-value with ties
[2025-06-13 19:41:08] [R_WARNING] Cannot compute exact p-value with ties
[2025-06-13 19:41:08] [R_WARNING] Cannot compute exact p-value with ties
[2025-06-13 19:41:08] [R_WARNING] Cannot compute exact p-value with ties
[2025-06-13 19:41:08] [R_WARNING] Cannot compute exact p-value with ties
[2025-06-13 19:41:08] [R_WARNING] Cannot compute exact p-value with ties
[2025-06-13 19:41:08] [R_WARNING] Cannot compute exact p-value with ties
[2025-06-13 19:41:08] [R_WARNING] Cannot compute exact p-value with ties
[2025-06-13 19:41:08] [R_WARNING] Cannot compute exact p-value with ties
[2025-06-13 19:41:08] [R_WARNING] Cannot compute exact p-value with ties
[2025-06-13 19:41:08] [R_WARNING] Cannot compute exact p-value with ties
[2025-06-13 19:41:08] [R_WARNING] Cannot compute exact p-value with ties
[2025-06-13 19:41:08] [R_WARNING] Cannot compute exact p-value with ties
[2025-06-13 19:41:08] [R_WARNING] Cannot compute exact p-value with ties
[2025-06-13 19:41:08] [R_WARNING] Cannot compute exact p-value with ties
[2025-06-13 19:41:08] [R_WARNING] Cannot compute exact p-value with ties
[2025-06-13 19:41:08] [R_WARNING] Cannot compute exact p-value with ties
[2025-06-13 19:41:08] [R_WARNING] Cannot compute exact p-value with ties
[2025-06-13 19:41:08] [R_WARNING] Cannot compute exact p-value with ties
[2025-06-13 19:41:08] [R_WARNING] Cannot compute exact p-value with ties
[2025-06-13 19:41:08] [R_WARNING] Cannot compute exact p-value with ties
[2025-06-13 19:41:08] [R_WARNING] Cannot compute exact p-value with ties
[2025-06-13 19:41:08] [R_WARNING] Cannot compute exact p-value with ties
[2025-06-13 19:41:08] [R_WARNING] Cannot compute exact p-value with ties
[2025-06-13 19:41:08] [R_WARNING] Cannot compute exact p-value with ties
[2025-06-13 19:41:08] [R_WARNING] Cannot compute exact p-value with ties
[2025-06-13 19:41:08] [R_WARNING] Cannot compute exact p-value with ties
[2025-06-13 19:41:08] [R_WARNING] Cannot compute exact p-value with ties
[2025-06-13 19:41:08] [R_WARNING] Cannot compute exact p-value with ties
[2025-06-13 19:41:08] [R_WARNING] Cannot compute exact p-value with ties
[2025-06-13 19:41:08] [R_WARNING] Cannot compute exact p-value with ties
[2025-06-13 19:41:08] [R_WARNING] Cannot compute exact p-value with ties
[2025-06-13 19:41:08] [R_WARNING] Cannot compute exact p-value with ties
[2025-06-13 19:41:08] [R_WARNING] Cannot compute exact p-value with ties
[2025-06-13 19:41:08] [R_WARNING] Cannot compute exact p-value with ties
[2025-06-13 19:41:08] [R_WARNING] Cannot compute exact p-value with ties
[2025-06-13 19:41:08] [R_WARNING] Cannot compute exact p-value with ties
[2025-06-13 19:41:08] [R_WARNING] Cannot compute exact p-value with ties
[2025-06-13 19:41:08] [R_WARNING] Cannot compute exact p-value with ties
[2025-06-13 19:41:08] [R_WARNING] Cannot compute exact p-value with ties
[2025-06-13 19:41:08] [R_WARNING] Cannot compute exact p-value with ties
[2025-06-13 19:41:08] [R_WARNING] Cannot compute exact p-value with ties
[2025-06-13 19:41:08] [R_WARNING] Cannot compute exact p-value with ties
[2025-06-13 19:41:08] [R_WARNING] Cannot compute exact p-value with ties
[2025-06-13 19:41:08] [R_WARNING] Cannot compute exact p-value with ties
[2025-06-13 19:41:08] [R_WARNING] Cannot compute exact p-value with ties
[2025-06-13 19:41:08] [R_WARNING] Cannot compute exact p-value with ties
[2025-06-13 19:41:08] [R_WARNING] Cannot compute exact p-value with ties
[2025-06-13 19:41:08] [R_WARNING] Cannot compute exact p-value with ties
[2025-06-13 19:41:08] [R_WARNING] Cannot compute exact p-value with ties
[2025-06-13 19:41:08] [R_WARNING] Cannot compute exact p-value with ties
[2025-06-13 19:41:08] [R_WARNING] Cannot compute exact p-value with ties
[2025-06-13 19:41:08] [R_WARNING] Cannot compute exact p-value with ties
[2025-06-13 19:41:08] [R_WARNING] Cannot compute exact p-value with ties
[2025-06-13 19:41:08] [R_WARNING] Cannot compute exact p-value with ties
[2025-06-13 19:41:08] [R_WARNING] Cannot compute exact p-value with ties
[2025-06-13 19:41:08] [R_WARNING] Cannot compute exact p-value with ties
[2025-06-13 19:41:08] [R_WARNING] Cannot compute exact p-value with ties
[2025-06-13 19:41:08] [R_WARNING] Cannot compute exact p-value with ties
[2025-06-13 19:41:08] [R_WARNING] Cannot compute exact p-value with ties
[2025-06-13 19:41:08] [R_WARNING] Cannot compute exact p-value with ties
[2025-06-13 19:41:08] [R_WARNING] Cannot compute exact p-value with ties
[2025-06-13 19:41:08] [R_WARNING] Cannot compute exact p-value with ties
[2025-06-13 19:41:08] [R_WARNING] Cannot compute exact p-value with ties
[2025-06-13 19:41:09] [R_WARNING] Cannot compute exact p-value with ties
[2025-06-13 19:41:09] [R_WARNING] Cannot compute exact p-value with ties
[2025-06-13 19:41:09] [R_WARNING] Cannot compute exact p-value with ties
[2025-06-13 19:41:09] [R_WARNING] Cannot compute exact p-value with ties
[2025-06-13 19:41:09] [R_WARNING] Cannot compute exact p-value with ties
[2025-06-13 19:41:09] [R_WARNING] Cannot compute exact p-value with ties
[2025-06-13 19:41:09] [R_WARNING] Cannot compute exact p-value with ties
[2025-06-13 19:41:09] [R_WARNING] Cannot compute exact p-value with ties
[2025-06-13 19:41:09] [R_WARNING] Cannot compute exact p-value with ties
[2025-06-13 19:41:09] [R_WARNING] Cannot compute exact p-value with ties
[2025-06-13 19:41:09] [R_WARNING] Cannot compute exact p-value with ties
[2025-06-13 19:41:09] [R_WARNING] Cannot compute exact p-value with ties
[2025-06-13 19:41:09] [R_WARNING] Cannot compute exact p-value with ties
[2025-06-13 19:41:09] [R_WARNING] Cannot compute exact p-value with ties
[2025-06-13 19:41:09] [R_WARNING] Cannot compute exact p-value with ties
[2025-06-13 19:41:09] [R_WARNING] Cannot compute exact p-value with ties
[2025-06-13 19:41:09] [R_WARNING] Cannot compute exact p-value with ties
[2025-06-13 19:41:09] [R_WARNING] Cannot compute exact p-value with ties
[2025-06-13 19:41:09] [R_WARNING] Cannot compute exact p-value with ties
[2025-06-13 19:41:09] [R_WARNING] Cannot compute exact p-value with ties
[2025-06-13 19:41:09] [R_WARNING] Cannot compute exact p-value with ties
[2025-06-13 19:41:09] [R_WARNING] Cannot compute exact p-value with ties
[2025-06-13 19:41:09] [R_WARNING] Cannot compute exact p-value with ties
[2025-06-13 19:41:09] [R_WARNING] Cannot compute exact p-value with ties
[2025-06-13 19:41:09] [R_WARNING] Cannot compute exact p-value with ties
[2025-06-13 19:41:09] [R_WARNING] Cannot compute exact p-value with ties
[2025-06-13 19:41:09] [R_WARNING] Cannot compute exact p-value with ties
[2025-06-13 19:41:09] [R_WARNING] Cannot compute exact p-value with ties
[2025-06-13 19:41:09] [R_WARNING] Cannot compute exact p-value with ties
[2025-06-13 19:41:09] [R_WARNING] Cannot compute exact p-value with ties
[2025-06-13 19:41:09] [R_WARNING] Cannot compute exact p-value with ties
[2025-06-13 19:41:09] [R_WARNING] Cannot compute exact p-value with ties
[2025-06-13 19:41:09] [R_WARNING] Cannot compute exact p-value with ties
[2025-06-13 19:41:09] [R_WARNING] Cannot compute exact p-value with ties
[2025-06-13 19:41:09] [R_WARNING] Cannot compute exact p-value with ties
[2025-06-13 19:41:09] [R_WARNING] Cannot compute exact p-value with ties
[2025-06-13 19:41:09] [R_WARNING] Cannot compute exact p-value with ties
[2025-06-13 19:41:09] [R_WARNING] Cannot compute exact p-value with ties
[2025-06-13 19:41:09] [R_WARNING] Cannot compute exact p-value with ties
[2025-06-13 19:41:09] [R_WARNING] Cannot compute exact p-value with ties
[2025-06-13 19:41:09] [R_WARNING] Cannot compute exact p-value with ties
[2025-06-13 19:41:09] [R_WARNING] Cannot compute exact p-value with ties
[2025-06-13 19:41:09] [R_WARNING] Cannot compute exact p-value with ties
[2025-06-13 19:41:09] [R_WARNING] Cannot compute exact p-value with ties
[2025-06-13 19:41:09] [R_WARNING] Cannot compute exact p-value with ties
[2025-06-13 19:41:09] [R_WARNING] Cannot compute exact p-value with ties
[2025-06-13 19:41:09] [R_WARNING] Cannot compute exact p-value with ties
[2025-06-13 19:41:09] [R_WARNING] Cannot compute exact p-value with ties
[2025-06-13 19:41:09] [R_WARNING] Cannot compute exact p-value with ties
[2025-06-13 19:41:09] [R_WARNING] Cannot compute exact p-value with ties
[2025-06-13 19:41:09] [R_WARNING] Cannot compute exact p-value with ties
[2025-06-13 19:41:09] [R_WARNING] Cannot compute exact p-value with ties
[2025-06-13 19:41:09] [R_WARNING] Cannot compute exact p-value with ties
[2025-06-13 19:41:09] [R_WARNING] Cannot compute exact p-value with ties
[2025-06-13 19:41:09] [R_WARNING] Cannot compute exact p-value with ties
[2025-06-13 19:41:09] [R_WARNING] Cannot compute exact p-value with ties
[2025-06-13 19:41:09] [R_WARNING] Cannot compute exact p-value with ties
[2025-06-13 19:41:09] [R_WARNING] Cannot compute exact p-value with ties
[2025-06-13 19:41:09] [R_WARNING] Cannot compute exact p-value with ties
[2025-06-13 19:41:09] [R_WARNING] Cannot compute exact p-value with ties
[2025-06-13 19:41:09] [R_WARNING] Cannot compute exact p-value with ties
[2025-06-13 19:41:09] [R_WARNING] Cannot compute exact p-value with ties
[2025-06-13 19:41:09] [R_WARNING] Cannot compute exact p-value with ties
[2025-06-13 19:41:09] [R_WARNING] Cannot compute exact p-value with ties
[2025-06-13 19:41:09] [R_WARNING] Cannot compute exact p-value with ties
[2025-06-13 19:41:09] [R_WARNING] Cannot compute exact p-value with ties
[2025-06-13 19:41:09] [R_WARNING] Cannot compute exact p-value with ties
[2025-06-13 19:41:09] [R_WARNING] Cannot compute exact p-value with ties
[2025-06-13 19:41:09] [R_WARNING] Cannot compute exact p-value with ties
[2025-06-13 19:41:09] [R_WARNING] Cannot compute exact p-value with ties
[2025-06-13 19:41:09] [R_WARNING] Cannot compute exact p-value with ties
[2025-06-13 19:41:09] [R_WARNING] Cannot compute exact p-value with ties
[2025-06-13 19:41:09] [R_WARNING] Cannot compute exact p-value with ties
[2025-06-13 19:41:09] [R_WARNING] Cannot compute exact p-value with ties
[2025-06-13 19:41:09] [R_WARNING] Cannot compute exact p-value with ties
[2025-06-13 19:41:09] [R_WARNING] Cannot compute exact p-value with ties
[2025-06-13 19:41:09] [R_WARNING] Cannot compute exact p-value with ties
[2025-06-13 19:41:09] [R_WARNING] Cannot compute exact p-value with ties
[2025-06-13 19:41:09] [R_WARNING] Cannot compute exact p-value with ties
[2025-06-13 19:41:09] [R_WARNING] Cannot compute exact p-value with ties
[2025-06-13 19:41:09] [R_WARNING] Cannot compute exact p-value with ties
[2025-06-13 19:41:09] [R_WARNING] Cannot compute exact p-value with ties
[2025-06-13 19:41:09] [R_WARNING] Cannot compute exact p-value with ties
[2025-06-13 19:41:09] [R_WARNING] Cannot compute exact p-value with ties
[2025-06-13 19:41:09] [R_WARNING] Cannot compute exact p-value with ties
[2025-06-13 19:41:13] [R_WARNING] The `panel.grid.y` theme element is not defined in the element hierarchy.
[2025-06-13 19:41:13] [R_WARNING] The `panel.grid.y` theme element is not defined in the element hierarchy.
[2025-06-13 19:41:14] [INFO] STEP: CORRELATION ANALYSIS COMPLETED - Correlation analysis successfully completed
[2025-06-13 19:41:14] [INFO] STEP: HTML REPORT GENERATION - Starting HTML report generation
[2025-06-13 19:41:15] [INFO] STEP: HTML REPORT COMPLETED - Report saved to: correlation_analysis_report_20250613_194115.html

================================================================================
SESSION SUMMARY WITH DEBUGGING INFORMATION
================================================================================
Session duration: 0.15 minutes
Total analysis steps: 6
Total custom warnings: 0
Total custom errors: 0
Total R warnings captured: 405
Total console output entries: 0
Session ended: 2025-06-13 19:41:15.090243

ANALYSIS STEPS COMPLETED:
  1. DATA LOADING (19:41:06)
  2. DATA PREPARATION COMPLETED (19:41:07)
  3. CORRELATION ANALYSIS (19:41:07)
  4. CORRELATION ANALYSIS COMPLETED (19:41:14)
  5. HTML REPORT GENERATION (19:41:14)
  6. HTML REPORT COMPLETED (19:41:15)

R WARNINGS ENCOUNTERED (DEBUGGING INFO):
  403x: Cannot compute exact p-value with ties
  2x: The `panel.grid.y` theme element is not defined in the element hierarchy.

DEBUGGING RECOMMENDATIONS:
  ⚠ High number of R warnings - investigate data quality

================================================================================
